[2019-03-09 20:13:12] INFO [main: CodeCraft-2019.py, 21] car_path is ../config/car.txt
[2019-03-09 20:13:12] INFO [main: CodeCraft-2019.py, 22] road_path is ../config/road.txt
[2019-03-09 20:13:12] INFO [main: CodeCraft-2019.py, 23] cross_path is ../config/cross.txt
[2019-03-09 20:13:12] INFO [main: CodeCraft-2019.py, 24] answer_path is ../config/answer.txt
[2019-03-11 14:30:11] INFO [main: CodeCraft-2019.py, 57] please input args: car_path, road_path, cross_path, answerPath
[2019-03-11 14:30:42] INFO [main: CodeCraft-2019.py, 65] car_path is ../config/car.txt
[2019-03-11 14:30:42] INFO [main: CodeCraft-2019.py, 66] road_path is ../config/road.txt
[2019-03-11 14:30:42] INFO [main: CodeCraft-2019.py, 67] cross_path is ../config/cross.txt
[2019-03-11 14:30:42] INFO [main: CodeCraft-2019.py, 68] answer_path is ../config/answer.txt
[2019-03-11 14:31:00] INFO [main: CodeCraft-2019.py, 65] car_path is ../config/car.txt
[2019-03-11 14:31:00] INFO [main: CodeCraft-2019.py, 66] road_path is ../config/road.txt
[2019-03-11 14:31:00] INFO [main: CodeCraft-2019.py, 67] cross_path is ../config/cross.txt
[2019-03-11 14:31:00] INFO [main: CodeCraft-2019.py, 68] answer_path is ../config/answer.txt
[2019-03-11 14:31:21] INFO [main: CodeCraft-2019.py, 65] car_path is ../config/car.txt
[2019-03-11 14:31:21] INFO [main: CodeCraft-2019.py, 66] road_path is ../config/road.txt
[2019-03-11 14:31:21] INFO [main: CodeCraft-2019.py, 67] cross_path is ../config/cross.txt
[2019-03-11 14:31:21] INFO [main: CodeCraft-2019.py, 68] answer_path is ../config/answer.txt
[2019-03-11 14:31:35] INFO [main: CodeCraft-2019.py, 65] car_path is ../config/car.txt
[2019-03-11 14:31:35] INFO [main: CodeCraft-2019.py, 66] road_path is ../config/road.txt
[2019-03-11 14:31:35] INFO [main: CodeCraft-2019.py, 67] cross_path is ../config/cross.txt
[2019-03-11 14:31:35] INFO [main: CodeCraft-2019.py, 68] answer_path is ../config/answer.txt
[2019-03-11 14:31:41] INFO [main: CodeCraft-2019.py, 65] car_path is ../config/car.txt
[2019-03-11 14:31:41] INFO [main: CodeCraft-2019.py, 66] road_path is ../config/road.txt
[2019-03-11 14:31:41] INFO [main: CodeCraft-2019.py, 67] cross_path is ../config/cross.txt
[2019-03-11 14:31:41] INFO [main: CodeCraft-2019.py, 68] answer_path is ../config/answer.txt
[2019-03-11 14:34:31] INFO [main: CodeCraft-2019.py, 65] car_path is ../config/car.txt
[2019-03-11 14:34:31] INFO [main: CodeCraft-2019.py, 66] road_path is ../config/road.txt
[2019-03-11 14:34:31] INFO [main: CodeCraft-2019.py, 67] cross_path is ../config/cross.txt
[2019-03-11 14:34:31] INFO [main: CodeCraft-2019.py, 68] answer_path is ../config/answer.txt
[2019-03-11 14:34:39] INFO [main: CodeCraft-2019.py, 65] car_path is ../config/car.txt
[2019-03-11 14:34:39] INFO [main: CodeCraft-2019.py, 66] road_path is ../config/road.txt
[2019-03-11 14:34:39] INFO [main: CodeCraft-2019.py, 67] cross_path is ../config/cross.txt
[2019-03-11 14:34:39] INFO [main: CodeCraft-2019.py, 68] answer_path is ../config/answer.txt
[2019-03-11 14:37:21] INFO [main: CodeCraft-2019.py, 65] car_path is ../config/car.txt
[2019-03-11 14:37:21] INFO [main: CodeCraft-2019.py, 66] road_path is ../config/road.txt
[2019-03-11 14:37:21] INFO [main: CodeCraft-2019.py, 67] cross_path is ../config/cross.txt
[2019-03-11 14:37:21] INFO [main: CodeCraft-2019.py, 68] answer_path is ../config/answer.txt
[2019-03-11 14:37:44] INFO [main: CodeCraft-2019.py, 65] car_path is ../config/car.txt
[2019-03-11 14:37:44] INFO [main: CodeCraft-2019.py, 66] road_path is ../config/road.txt
[2019-03-11 14:37:44] INFO [main: CodeCraft-2019.py, 67] cross_path is ../config/cross.txt
[2019-03-11 14:37:44] INFO [main: CodeCraft-2019.py, 68] answer_path is ../config/answer.txt
[2019-03-11 14:37:57] INFO [main: CodeCraft-2019.py, 65] car_path is ../config/car.txt
[2019-03-11 14:37:57] INFO [main: CodeCraft-2019.py, 66] road_path is ../config/road.txt
[2019-03-11 14:37:57] INFO [main: CodeCraft-2019.py, 67] cross_path is ../config/cross.txt
[2019-03-11 14:37:57] INFO [main: CodeCraft-2019.py, 68] answer_path is ../config/answer.txt
[2019-03-11 22:09:57] INFO [main: CodeCraft-2019.py, 65] car_path is ../config/car.txt
[2019-03-11 22:09:57] INFO [main: CodeCraft-2019.py, 66] road_path is ../config/road.txt
[2019-03-11 22:09:57] INFO [main: CodeCraft-2019.py, 67] cross_path is ../config/cross.txt
[2019-03-11 22:09:57] INFO [main: CodeCraft-2019.py, 68] answer_path is ../config/answer.txt
[2019-03-11 22:11:54] INFO [main: CodeCraft-2019.py, 65] car_path is ../config/car.txt
[2019-03-11 22:11:54] INFO [main: CodeCraft-2019.py, 66] road_path is ../config/road.txt
[2019-03-11 22:11:54] INFO [main: CodeCraft-2019.py, 67] cross_path is ../config/cross.txt
[2019-03-11 22:11:54] INFO [main: CodeCraft-2019.py, 68] answer_path is ../config/answer.txt
[2019-03-11 22:12:41] INFO [main: CodeCraft-2019.py, 65] car_path is ../config/car.txt
[2019-03-11 22:12:41] INFO [main: CodeCraft-2019.py, 66] road_path is ../config/road.txt
[2019-03-11 22:12:41] INFO [main: CodeCraft-2019.py, 67] cross_path is ../config/cross.txt
[2019-03-11 22:12:41] INFO [main: CodeCraft-2019.py, 68] answer_path is ../config/answer.txt
[2019-03-11 22:13:22] INFO [main: CodeCraft-2019.py, 65] car_path is ../config/car.txt
[2019-03-11 22:13:22] INFO [main: CodeCraft-2019.py, 66] road_path is ../config/road.txt
[2019-03-11 22:13:22] INFO [main: CodeCraft-2019.py, 67] cross_path is ../config/cross.txt
[2019-03-11 22:13:22] INFO [main: CodeCraft-2019.py, 68] answer_path is ../config/answer.txt
[2019-03-11 22:13:41] INFO [main: CodeCraft-2019.py, 65] car_path is ../config/car.txt
[2019-03-11 22:13:41] INFO [main: CodeCraft-2019.py, 66] road_path is ../config/road.txt
[2019-03-11 22:13:41] INFO [main: CodeCraft-2019.py, 67] cross_path is ../config/cross.txt
[2019-03-11 22:13:41] INFO [main: CodeCraft-2019.py, 68] answer_path is ../config/answer.txt
[2019-03-11 22:13:57] INFO [main: CodeCraft-2019.py, 65] car_path is ../config/car.txt
[2019-03-11 22:13:57] INFO [main: CodeCraft-2019.py, 66] road_path is ../config/road.txt
[2019-03-11 22:13:57] INFO [main: CodeCraft-2019.py, 67] cross_path is ../config/cross.txt
[2019-03-11 22:13:57] INFO [main: CodeCraft-2019.py, 68] answer_path is ../config/answer.txt
[2019-03-11 22:38:48] INFO [main: CodeCraft-2019.py, 67] car_path is ../config/car.txt
[2019-03-11 22:38:48] INFO [main: CodeCraft-2019.py, 68] road_path is ../config/road.txt
[2019-03-11 22:38:48] INFO [main: CodeCraft-2019.py, 69] cross_path is ../config/cross.txt
[2019-03-11 22:38:48] INFO [main: CodeCraft-2019.py, 70] answer_path is ../config/answer.txt
[2019-03-11 22:39:06] INFO [main: CodeCraft-2019.py, 67] car_path is ../config/car.txt
[2019-03-11 22:39:06] INFO [main: CodeCraft-2019.py, 68] road_path is ../config/road.txt
[2019-03-11 22:39:06] INFO [main: CodeCraft-2019.py, 69] cross_path is ../config/cross.txt
[2019-03-11 22:39:06] INFO [main: CodeCraft-2019.py, 70] answer_path is ../config/answer.txt
[2019-03-11 22:39:49] INFO [main: CodeCraft-2019.py, 67] car_path is ../config/car.txt
[2019-03-11 22:39:49] INFO [main: CodeCraft-2019.py, 68] road_path is ../config/road.txt
[2019-03-11 22:39:49] INFO [main: CodeCraft-2019.py, 69] cross_path is ../config/cross.txt
[2019-03-11 22:39:49] INFO [main: CodeCraft-2019.py, 70] answer_path is ../config/answer.txt
[2019-03-11 22:40:25] INFO [main: CodeCraft-2019.py, 67] car_path is ../config/car.txt
[2019-03-11 22:40:25] INFO [main: CodeCraft-2019.py, 68] road_path is ../config/road.txt
[2019-03-11 22:40:25] INFO [main: CodeCraft-2019.py, 69] cross_path is ../config/cross.txt
[2019-03-11 22:40:25] INFO [main: CodeCraft-2019.py, 70] answer_path is ../config/answer.txt
[2019-03-11 22:40:49] INFO [main: CodeCraft-2019.py, 67] car_path is ../config/car.txt
[2019-03-11 22:40:49] INFO [main: CodeCraft-2019.py, 68] road_path is ../config/road.txt
[2019-03-11 22:40:49] INFO [main: CodeCraft-2019.py, 69] cross_path is ../config/cross.txt
[2019-03-11 22:40:49] INFO [main: CodeCraft-2019.py, 70] answer_path is ../config/answer.txt
[2019-03-14 21:04:06] INFO [main: CodeCraft-2019.py, 179] car_path is ../config/car.txt
[2019-03-14 21:04:06] INFO [main: CodeCraft-2019.py, 180] road_path is ../config/road.txt
[2019-03-14 21:04:06] INFO [main: CodeCraft-2019.py, 181] cross_path is ../config/cross.txt
[2019-03-14 21:04:06] INFO [main: CodeCraft-2019.py, 182] answer_path is ../config/answer.txt
[2019-03-14 21:04:59] INFO [main: CodeCraft-2019.py, 180] car_path is ../config/car.txt
[2019-03-14 21:04:59] INFO [main: CodeCraft-2019.py, 181] road_path is ../config/road.txt
[2019-03-14 21:04:59] INFO [main: CodeCraft-2019.py, 182] cross_path is ../config/cross.txt
[2019-03-14 21:04:59] INFO [main: CodeCraft-2019.py, 183] answer_path is ../config/answer.txt
[2019-03-14 21:06:09] INFO [main: CodeCraft-2019.py, 180] car_path is ../config/car.txt
[2019-03-14 21:06:09] INFO [main: CodeCraft-2019.py, 181] road_path is ../config/road.txt
[2019-03-14 21:06:09] INFO [main: CodeCraft-2019.py, 182] cross_path is ../config/cross.txt
[2019-03-14 21:06:09] INFO [main: CodeCraft-2019.py, 183] answer_path is ../config/answer.txt
[2019-03-14 21:23:34] INFO [main: CodeCraft-2019.py, 218] car_path is ../config/car.txt
[2019-03-14 21:23:34] INFO [main: CodeCraft-2019.py, 219] road_path is ../config/road.txt
[2019-03-14 21:23:34] INFO [main: CodeCraft-2019.py, 220] cross_path is ../config/cross.txt
[2019-03-14 21:23:34] INFO [main: CodeCraft-2019.py, 221] answer_path is ../config/answer.txt
[2019-03-14 21:23:52] INFO [main: CodeCraft-2019.py, 218] car_path is ../config/car.txt
[2019-03-14 21:23:52] INFO [main: CodeCraft-2019.py, 219] road_path is ../config/road.txt
[2019-03-14 21:23:52] INFO [main: CodeCraft-2019.py, 220] cross_path is ../config/cross.txt
[2019-03-14 21:23:52] INFO [main: CodeCraft-2019.py, 221] answer_path is ../config/answer.txt
[2019-03-14 21:26:19] INFO [main: CodeCraft-2019.py, 218] car_path is ../config/car.txt
[2019-03-14 21:26:19] INFO [main: CodeCraft-2019.py, 219] road_path is ../config/road.txt
[2019-03-14 21:26:19] INFO [main: CodeCraft-2019.py, 220] cross_path is ../config/cross.txt
[2019-03-14 21:26:19] INFO [main: CodeCraft-2019.py, 221] answer_path is ../config/answer.txt
[2019-03-15 11:30:19] INFO [main: CodeCraft-2019.py, 222] car_path is ../config/car.txt
[2019-03-15 11:30:19] INFO [main: CodeCraft-2019.py, 223] road_path is ../config/road.txt
[2019-03-15 11:30:19] INFO [main: CodeCraft-2019.py, 224] cross_path is ../config/cross.txt
[2019-03-15 11:30:19] INFO [main: CodeCraft-2019.py, 225] answer_path is ../config/answer.txt
[2019-03-15 11:31:52] INFO [main: CodeCraft-2019.py, 221] car_path is ../config/car.txt
[2019-03-15 11:31:52] INFO [main: CodeCraft-2019.py, 222] road_path is ../config/road.txt
[2019-03-15 11:31:52] INFO [main: CodeCraft-2019.py, 223] cross_path is ../config/cross.txt
[2019-03-15 11:31:52] INFO [main: CodeCraft-2019.py, 224] answer_path is ../config/answer.txt
[2019-03-15 11:33:22] INFO [main: CodeCraft-2019.py, 221] car_path is ../config/car.txt
[2019-03-15 11:33:22] INFO [main: CodeCraft-2019.py, 222] road_path is ../config/road.txt
[2019-03-15 11:33:22] INFO [main: CodeCraft-2019.py, 223] cross_path is ../config/cross.txt
[2019-03-15 11:33:22] INFO [main: CodeCraft-2019.py, 224] answer_path is ../config/answer.txt
[2019-03-15 11:46:58] INFO [main: CodeCraft-2019.py, 224] car_path is ../config/car.txt
[2019-03-15 11:46:58] INFO [main: CodeCraft-2019.py, 225] road_path is ../config/road.txt
[2019-03-15 11:46:58] INFO [main: CodeCraft-2019.py, 226] cross_path is ../config/cross.txt
[2019-03-15 11:46:58] INFO [main: CodeCraft-2019.py, 227] answer_path is ../config/answer.txt
[2019-03-15 11:47:14] INFO [main: CodeCraft-2019.py, 224] car_path is ../config/car.txt
[2019-03-15 11:47:14] INFO [main: CodeCraft-2019.py, 225] road_path is ../config/road.txt
[2019-03-15 11:47:14] INFO [main: CodeCraft-2019.py, 226] cross_path is ../config/cross.txt
[2019-03-15 11:47:14] INFO [main: CodeCraft-2019.py, 227] answer_path is ../config/answer.txt
[2019-03-15 11:49:05] INFO [main: CodeCraft-2019.py, 224] car_path is ../config/car.txt
[2019-03-15 11:49:05] INFO [main: CodeCraft-2019.py, 225] road_path is ../config/road.txt
[2019-03-15 11:49:05] INFO [main: CodeCraft-2019.py, 226] cross_path is ../config/cross.txt
[2019-03-15 11:49:05] INFO [main: CodeCraft-2019.py, 227] answer_path is ../config/answer.txt
[2019-03-15 11:50:07] INFO [main: CodeCraft-2019.py, 224] car_path is ../config/car.txt
[2019-03-15 11:50:07] INFO [main: CodeCraft-2019.py, 225] road_path is ../config/road.txt
[2019-03-15 11:50:07] INFO [main: CodeCraft-2019.py, 226] cross_path is ../config/cross.txt
[2019-03-15 11:50:07] INFO [main: CodeCraft-2019.py, 227] answer_path is ../config/answer.txt
[2019-03-15 17:25:26] INFO [main: CodeCraft-2019.py, 245] car_path is ../config/car.txt
[2019-03-15 17:25:26] INFO [main: CodeCraft-2019.py, 246] road_path is ../config/road.txt
[2019-03-15 17:25:26] INFO [main: CodeCraft-2019.py, 247] cross_path is ../config/cross.txt
[2019-03-15 17:25:26] INFO [main: CodeCraft-2019.py, 248] answer_path is ../config/answer.txt
[2019-03-15 17:29:47] INFO [main: CodeCraft-2019.py, 246] car_path is ../config/car.txt
[2019-03-15 17:29:47] INFO [main: CodeCraft-2019.py, 247] road_path is ../config/road.txt
[2019-03-15 17:29:47] INFO [main: CodeCraft-2019.py, 248] cross_path is ../config/cross.txt
[2019-03-15 17:29:47] INFO [main: CodeCraft-2019.py, 249] answer_path is ../config/answer.txt
[2019-03-15 17:56:01] INFO [main: CodeCraft-2019.py, 261] car_path is ../config/car.txt
[2019-03-15 17:56:01] INFO [main: CodeCraft-2019.py, 262] road_path is ../config/road.txt
[2019-03-15 17:56:01] INFO [main: CodeCraft-2019.py, 263] cross_path is ../config/cross.txt
[2019-03-15 17:56:01] INFO [main: CodeCraft-2019.py, 264] answer_path is ../config/answer.txt
[2019-03-15 17:56:19] INFO [main: CodeCraft-2019.py, 262] car_path is ../config/car.txt
[2019-03-15 17:56:19] INFO [main: CodeCraft-2019.py, 263] road_path is ../config/road.txt
[2019-03-15 17:56:19] INFO [main: CodeCraft-2019.py, 264] cross_path is ../config/cross.txt
[2019-03-15 17:56:19] INFO [main: CodeCraft-2019.py, 265] answer_path is ../config/answer.txt
[2019-03-15 17:56:38] INFO [main: CodeCraft-2019.py, 262] car_path is ../config/car.txt
[2019-03-15 17:56:38] INFO [main: CodeCraft-2019.py, 263] road_path is ../config/road.txt
[2019-03-15 17:56:38] INFO [main: CodeCraft-2019.py, 264] cross_path is ../config/cross.txt
[2019-03-15 17:56:38] INFO [main: CodeCraft-2019.py, 265] answer_path is ../config/answer.txt
[2019-03-15 17:57:26] INFO [main: CodeCraft-2019.py, 262] car_path is ../config/car.txt
[2019-03-15 17:57:26] INFO [main: CodeCraft-2019.py, 263] road_path is ../config/road.txt
[2019-03-15 17:57:26] INFO [main: CodeCraft-2019.py, 264] cross_path is ../config/cross.txt
[2019-03-15 17:57:26] INFO [main: CodeCraft-2019.py, 265] answer_path is ../config/answer.txt
[2019-03-15 17:57:41] INFO [main: CodeCraft-2019.py, 262] car_path is ../config/car.txt
[2019-03-15 17:57:41] INFO [main: CodeCraft-2019.py, 263] road_path is ../config/road.txt
[2019-03-15 17:57:41] INFO [main: CodeCraft-2019.py, 264] cross_path is ../config/cross.txt
[2019-03-15 17:57:41] INFO [main: CodeCraft-2019.py, 265] answer_path is ../config/answer.txt
[2019-03-15 18:04:38] INFO [main: CodeCraft-2019.py, 265] car_path is ../config/car.txt
[2019-03-15 18:04:38] INFO [main: CodeCraft-2019.py, 266] road_path is ../config/road.txt
[2019-03-15 18:04:38] INFO [main: CodeCraft-2019.py, 267] cross_path is ../config/cross.txt
[2019-03-15 18:04:38] INFO [main: CodeCraft-2019.py, 268] answer_path is ../config/answer.txt
[2019-03-15 18:15:43] INFO [main: CodeCraft-2019.py, 265] car_path is ../config/car.txt
[2019-03-15 18:15:43] INFO [main: CodeCraft-2019.py, 266] road_path is ../config/road.txt
[2019-03-15 18:15:43] INFO [main: CodeCraft-2019.py, 267] cross_path is ../config/cross.txt
[2019-03-15 18:15:43] INFO [main: CodeCraft-2019.py, 268] answer_path is ../config/answer.txt
[2019-03-15 18:17:26] INFO [main: CodeCraft-2019.py, 265] car_path is ../config/car.txt
[2019-03-15 18:17:26] INFO [main: CodeCraft-2019.py, 266] road_path is ../config/road.txt
[2019-03-15 18:17:26] INFO [main: CodeCraft-2019.py, 267] cross_path is ../config/cross.txt
[2019-03-15 18:17:26] INFO [main: CodeCraft-2019.py, 268] answer_path is ../config/answer.txt
[2019-03-15 20:06:37] INFO [main: CodeCraft-2019.py, 266] car_path is ../config/car.txt
[2019-03-15 20:06:37] INFO [main: CodeCraft-2019.py, 267] road_path is ../config/road.txt
[2019-03-15 20:06:37] INFO [main: CodeCraft-2019.py, 268] cross_path is ../config/cross.txt
[2019-03-15 20:06:37] INFO [main: CodeCraft-2019.py, 269] answer_path is ../config/answer.txt
[2019-03-15 20:09:42] INFO [main: CodeCraft-2019.py, 267] car_path is ../config/car.txt
[2019-03-15 20:09:42] INFO [main: CodeCraft-2019.py, 268] road_path is ../config/road.txt
[2019-03-15 20:09:42] INFO [main: CodeCraft-2019.py, 269] cross_path is ../config/cross.txt
[2019-03-15 20:09:42] INFO [main: CodeCraft-2019.py, 270] answer_path is ../config/answer.txt
[2019-03-15 20:10:39] INFO [main: CodeCraft-2019.py, 267] car_path is ../config/car.txt
[2019-03-15 20:10:39] INFO [main: CodeCraft-2019.py, 268] road_path is ../config/road.txt
[2019-03-15 20:10:39] INFO [main: CodeCraft-2019.py, 269] cross_path is ../config/cross.txt
[2019-03-15 20:10:39] INFO [main: CodeCraft-2019.py, 270] answer_path is ../config/answer.txt
[2019-03-15 20:11:40] INFO [main: CodeCraft-2019.py, 268] car_path is ../config/car.txt
[2019-03-15 20:11:40] INFO [main: CodeCraft-2019.py, 269] road_path is ../config/road.txt
[2019-03-15 20:11:40] INFO [main: CodeCraft-2019.py, 270] cross_path is ../config/cross.txt
[2019-03-15 20:11:40] INFO [main: CodeCraft-2019.py, 271] answer_path is ../config/answer.txt
[2019-03-15 20:15:02] INFO [main: CodeCraft-2019.py, 270] car_path is ../config/car.txt
[2019-03-15 20:15:02] INFO [main: CodeCraft-2019.py, 271] road_path is ../config/road.txt
[2019-03-15 20:15:02] INFO [main: CodeCraft-2019.py, 272] cross_path is ../config/cross.txt
[2019-03-15 20:15:02] INFO [main: CodeCraft-2019.py, 273] answer_path is ../config/answer.txt
[2019-03-15 20:16:34] INFO [main: CodeCraft-2019.py, 271] car_path is ../config/car.txt
[2019-03-15 20:16:34] INFO [main: CodeCraft-2019.py, 272] road_path is ../config/road.txt
[2019-03-15 20:16:34] INFO [main: CodeCraft-2019.py, 273] cross_path is ../config/cross.txt
[2019-03-15 20:16:34] INFO [main: CodeCraft-2019.py, 274] answer_path is ../config/answer.txt
[2019-03-15 20:17:26] INFO [main: CodeCraft-2019.py, 272] car_path is ../config/car.txt
[2019-03-15 20:17:26] INFO [main: CodeCraft-2019.py, 273] road_path is ../config/road.txt
[2019-03-15 20:17:26] INFO [main: CodeCraft-2019.py, 274] cross_path is ../config/cross.txt
[2019-03-15 20:17:26] INFO [main: CodeCraft-2019.py, 275] answer_path is ../config/answer.txt
[2019-03-15 20:17:50] INFO [main: CodeCraft-2019.py, 272] car_path is ../config/car.txt
[2019-03-15 20:17:50] INFO [main: CodeCraft-2019.py, 273] road_path is ../config/road.txt
[2019-03-15 20:17:50] INFO [main: CodeCraft-2019.py, 274] cross_path is ../config/cross.txt
[2019-03-15 20:17:50] INFO [main: CodeCraft-2019.py, 275] answer_path is ../config/answer.txt
[2019-03-15 20:18:09] INFO [main: CodeCraft-2019.py, 272] car_path is ../config/car.txt
[2019-03-15 20:18:09] INFO [main: CodeCraft-2019.py, 273] road_path is ../config/road.txt
[2019-03-15 20:18:09] INFO [main: CodeCraft-2019.py, 274] cross_path is ../config/cross.txt
[2019-03-15 20:18:09] INFO [main: CodeCraft-2019.py, 275] answer_path is ../config/answer.txt
[2019-03-15 20:20:42] INFO [main: CodeCraft-2019.py, 272] car_path is ../config/car.txt
[2019-03-15 20:20:42] INFO [main: CodeCraft-2019.py, 273] road_path is ../config/road.txt
[2019-03-15 20:20:42] INFO [main: CodeCraft-2019.py, 274] cross_path is ../config/cross.txt
[2019-03-15 20:20:42] INFO [main: CodeCraft-2019.py, 275] answer_path is ../config/answer.txt
[2019-03-15 20:25:19] INFO [main: CodeCraft-2019.py, 272] car_path is ../config/car.txt
[2019-03-15 20:25:19] INFO [main: CodeCraft-2019.py, 273] road_path is ../config/road.txt
[2019-03-15 20:25:19] INFO [main: CodeCraft-2019.py, 274] cross_path is ../config/cross.txt
[2019-03-15 20:25:19] INFO [main: CodeCraft-2019.py, 275] answer_path is ../config/answer.txt
[2019-03-15 20:26:46] INFO [main: CodeCraft-2019.py, 272] car_path is ../config/car.txt
[2019-03-15 20:26:46] INFO [main: CodeCraft-2019.py, 273] road_path is ../config/road.txt
[2019-03-15 20:26:46] INFO [main: CodeCraft-2019.py, 274] cross_path is ../config/cross.txt
[2019-03-15 20:26:46] INFO [main: CodeCraft-2019.py, 275] answer_path is ../config/answer.txt
[2019-03-15 20:27:51] INFO [main: CodeCraft-2019.py, 272] car_path is ../config/car.txt
[2019-03-15 20:27:51] INFO [main: CodeCraft-2019.py, 273] road_path is ../config/road.txt
[2019-03-15 20:27:51] INFO [main: CodeCraft-2019.py, 274] cross_path is ../config/cross.txt
[2019-03-15 20:27:51] INFO [main: CodeCraft-2019.py, 275] answer_path is ../config/answer.txt
[2019-03-15 20:28:31] INFO [main: CodeCraft-2019.py, 274] car_path is ../config/car.txt
[2019-03-15 20:28:31] INFO [main: CodeCraft-2019.py, 275] road_path is ../config/road.txt
[2019-03-15 20:28:31] INFO [main: CodeCraft-2019.py, 276] cross_path is ../config/cross.txt
[2019-03-15 20:28:31] INFO [main: CodeCraft-2019.py, 277] answer_path is ../config/answer.txt
[2019-03-15 20:29:45] INFO [main: CodeCraft-2019.py, 272] car_path is ../config/car.txt
[2019-03-15 20:29:45] INFO [main: CodeCraft-2019.py, 273] road_path is ../config/road.txt
[2019-03-15 20:29:45] INFO [main: CodeCraft-2019.py, 274] cross_path is ../config/cross.txt
[2019-03-15 20:29:45] INFO [main: CodeCraft-2019.py, 275] answer_path is ../config/answer.txt
[2019-03-15 20:30:47] INFO [main: CodeCraft-2019.py, 272] car_path is ../config/car.txt
[2019-03-15 20:30:47] INFO [main: CodeCraft-2019.py, 273] road_path is ../config/road.txt
[2019-03-15 20:30:47] INFO [main: CodeCraft-2019.py, 274] cross_path is ../config/cross.txt
[2019-03-15 20:30:47] INFO [main: CodeCraft-2019.py, 275] answer_path is ../config/answer.txt
[2019-03-15 20:35:21] INFO [main: CodeCraft-2019.py, 272] car_path is ../config/car.txt
[2019-03-15 20:35:21] INFO [main: CodeCraft-2019.py, 273] road_path is ../config/road.txt
[2019-03-15 20:35:21] INFO [main: CodeCraft-2019.py, 274] cross_path is ../config/cross.txt
[2019-03-15 20:35:21] INFO [main: CodeCraft-2019.py, 275] answer_path is ../config/answer.txt
[2019-03-15 20:36:58] INFO [main: CodeCraft-2019.py, 272] car_path is ../config/car.txt
[2019-03-15 20:36:58] INFO [main: CodeCraft-2019.py, 273] road_path is ../config/road.txt
[2019-03-15 20:36:58] INFO [main: CodeCraft-2019.py, 274] cross_path is ../config/cross.txt
[2019-03-15 20:36:58] INFO [main: CodeCraft-2019.py, 275] answer_path is ../config/answer.txt
[2019-03-15 20:37:49] INFO [main: CodeCraft-2019.py, 272] car_path is ../config/car.txt
[2019-03-15 20:37:49] INFO [main: CodeCraft-2019.py, 273] road_path is ../config/road.txt
[2019-03-15 20:37:49] INFO [main: CodeCraft-2019.py, 274] cross_path is ../config/cross.txt
[2019-03-15 20:37:49] INFO [main: CodeCraft-2019.py, 275] answer_path is ../config/answer.txt
[2019-03-15 20:43:54] INFO [main: CodeCraft-2019.py, 272] car_path is ../config/car.txt
[2019-03-15 20:43:54] INFO [main: CodeCraft-2019.py, 273] road_path is ../config/road.txt
[2019-03-15 20:43:54] INFO [main: CodeCraft-2019.py, 274] cross_path is ../config/cross.txt
[2019-03-15 20:43:54] INFO [main: CodeCraft-2019.py, 275] answer_path is ../config/answer.txt
[2019-03-15 20:44:42] INFO [main: CodeCraft-2019.py, 272] car_path is ../config/car.txt
[2019-03-15 20:44:42] INFO [main: CodeCraft-2019.py, 273] road_path is ../config/road.txt
[2019-03-15 20:44:42] INFO [main: CodeCraft-2019.py, 274] cross_path is ../config/cross.txt
[2019-03-15 20:44:42] INFO [main: CodeCraft-2019.py, 275] answer_path is ../config/answer.txt
[2019-03-15 20:58:31] INFO [main: CodeCraft-2019.py, 273] car_path is ../config/car.txt
[2019-03-15 20:58:31] INFO [main: CodeCraft-2019.py, 274] road_path is ../config/road.txt
[2019-03-15 20:58:31] INFO [main: CodeCraft-2019.py, 275] cross_path is ../config/cross.txt
[2019-03-15 20:58:31] INFO [main: CodeCraft-2019.py, 276] answer_path is ../config/answer.txt
[2019-03-15 21:01:50] INFO [main: CodeCraft-2019.py, 279] car_path is ../config/car.txt
[2019-03-15 21:01:50] INFO [main: CodeCraft-2019.py, 280] road_path is ../config/road.txt
[2019-03-15 21:01:50] INFO [main: CodeCraft-2019.py, 281] cross_path is ../config/cross.txt
[2019-03-15 21:01:50] INFO [main: CodeCraft-2019.py, 282] answer_path is ../config/answer.txt
[2019-03-15 21:05:32] INFO [main: CodeCraft-2019.py, 278] car_path is ../config/car.txt
[2019-03-15 21:05:32] INFO [main: CodeCraft-2019.py, 279] road_path is ../config/road.txt
[2019-03-15 21:05:32] INFO [main: CodeCraft-2019.py, 280] cross_path is ../config/cross.txt
[2019-03-15 21:05:32] INFO [main: CodeCraft-2019.py, 281] answer_path is ../config/answer.txt
[2019-03-15 21:06:39] INFO [main: CodeCraft-2019.py, 278] car_path is ../config/car.txt
[2019-03-15 21:06:39] INFO [main: CodeCraft-2019.py, 279] road_path is ../config/road.txt
[2019-03-15 21:06:39] INFO [main: CodeCraft-2019.py, 280] cross_path is ../config/cross.txt
[2019-03-15 21:06:39] INFO [main: CodeCraft-2019.py, 281] answer_path is ../config/answer.txt
[2019-03-15 21:07:18] INFO [main: CodeCraft-2019.py, 278] car_path is ../config/car.txt
[2019-03-15 21:07:18] INFO [main: CodeCraft-2019.py, 279] road_path is ../config/road.txt
[2019-03-15 21:07:18] INFO [main: CodeCraft-2019.py, 280] cross_path is ../config/cross.txt
[2019-03-15 21:07:18] INFO [main: CodeCraft-2019.py, 281] answer_path is ../config/answer.txt
[2019-03-15 21:08:13] INFO [main: CodeCraft-2019.py, 278] car_path is ../config/car.txt
[2019-03-15 21:08:13] INFO [main: CodeCraft-2019.py, 279] road_path is ../config/road.txt
[2019-03-15 21:08:13] INFO [main: CodeCraft-2019.py, 280] cross_path is ../config/cross.txt
[2019-03-15 21:08:13] INFO [main: CodeCraft-2019.py, 281] answer_path is ../config/answer.txt
[2019-03-15 21:09:00] INFO [main: CodeCraft-2019.py, 278] car_path is ../config/car.txt
[2019-03-15 21:09:00] INFO [main: CodeCraft-2019.py, 279] road_path is ../config/road.txt
[2019-03-15 21:09:00] INFO [main: CodeCraft-2019.py, 280] cross_path is ../config/cross.txt
[2019-03-15 21:09:00] INFO [main: CodeCraft-2019.py, 281] answer_path is ../config/answer.txt
[2019-03-15 21:09:28] INFO [main: CodeCraft-2019.py, 277] car_path is ../config/car.txt
[2019-03-15 21:09:28] INFO [main: CodeCraft-2019.py, 278] road_path is ../config/road.txt
[2019-03-15 21:09:28] INFO [main: CodeCraft-2019.py, 279] cross_path is ../config/cross.txt
[2019-03-15 21:09:28] INFO [main: CodeCraft-2019.py, 280] answer_path is ../config/answer.txt
[2019-03-15 21:10:21] INFO [main: CodeCraft-2019.py, 278] car_path is ../config/car.txt
[2019-03-15 21:10:21] INFO [main: CodeCraft-2019.py, 279] road_path is ../config/road.txt
[2019-03-15 21:10:21] INFO [main: CodeCraft-2019.py, 280] cross_path is ../config/cross.txt
[2019-03-15 21:10:21] INFO [main: CodeCraft-2019.py, 281] answer_path is ../config/answer.txt
[2019-03-15 21:10:40] INFO [main: CodeCraft-2019.py, 278] car_path is ../config/car.txt
[2019-03-15 21:10:40] INFO [main: CodeCraft-2019.py, 279] road_path is ../config/road.txt
[2019-03-15 21:10:40] INFO [main: CodeCraft-2019.py, 280] cross_path is ../config/cross.txt
[2019-03-15 21:10:40] INFO [main: CodeCraft-2019.py, 281] answer_path is ../config/answer.txt
[2019-03-15 21:11:29] INFO [main: CodeCraft-2019.py, 278] car_path is ../config/car.txt
[2019-03-15 21:11:29] INFO [main: CodeCraft-2019.py, 279] road_path is ../config/road.txt
[2019-03-15 21:11:29] INFO [main: CodeCraft-2019.py, 280] cross_path is ../config/cross.txt
[2019-03-15 21:11:29] INFO [main: CodeCraft-2019.py, 281] answer_path is ../config/answer.txt
[2019-03-15 21:12:32] INFO [main: CodeCraft-2019.py, 278] car_path is ../config/car.txt
[2019-03-15 21:12:32] INFO [main: CodeCraft-2019.py, 279] road_path is ../config/road.txt
[2019-03-15 21:12:32] INFO [main: CodeCraft-2019.py, 280] cross_path is ../config/cross.txt
[2019-03-15 21:12:32] INFO [main: CodeCraft-2019.py, 281] answer_path is ../config/answer.txt
[2019-03-15 21:13:26] INFO [main: CodeCraft-2019.py, 279] car_path is ../config/car.txt
[2019-03-15 21:13:26] INFO [main: CodeCraft-2019.py, 280] road_path is ../config/road.txt
[2019-03-15 21:13:26] INFO [main: CodeCraft-2019.py, 281] cross_path is ../config/cross.txt
[2019-03-15 21:13:26] INFO [main: CodeCraft-2019.py, 282] answer_path is ../config/answer.txt
[2019-03-15 21:15:29] INFO [main: CodeCraft-2019.py, 279] car_path is ../config/car.txt
[2019-03-15 21:15:29] INFO [main: CodeCraft-2019.py, 280] road_path is ../config/road.txt
[2019-03-15 21:15:29] INFO [main: CodeCraft-2019.py, 281] cross_path is ../config/cross.txt
[2019-03-15 21:15:29] INFO [main: CodeCraft-2019.py, 282] answer_path is ../config/answer.txt
[2019-03-15 21:20:51] INFO [main: CodeCraft-2019.py, 279] car_path is ../config/car.txt
[2019-03-15 21:20:51] INFO [main: CodeCraft-2019.py, 280] road_path is ../config/road.txt
[2019-03-15 21:20:51] INFO [main: CodeCraft-2019.py, 281] cross_path is ../config/cross.txt
[2019-03-15 21:20:51] INFO [main: CodeCraft-2019.py, 282] answer_path is ../config/answer.txt
