[2018-12-17 15:47:41] INFO [main: CodeCraft-2019.py, 21] car_path is config/car.txt
[2018-12-17 15:47:41] INFO [main: CodeCraft-2019.py, 22] road_path is config/road.txt
[2018-12-17 15:47:41] INFO [main: CodeCraft-2019.py, 23] cross_path is config/cross.txt
[2018-12-17 15:47:41] INFO [main: CodeCraft-2019.py, 24] answer_path is config/answer.txt[2019-04-04 13:43:29] INFO [main: CodeCraft-2019.py, 25] car_path is 2-map-training-1/car.txt
[2019-04-04 13:43:29] INFO [main: CodeCraft-2019.py, 26] road_path is 2-map-training-1/road.txt
[2019-04-04 13:43:29] INFO [main: CodeCraft-2019.py, 27] cross_path is 2-map-training-1/cross.txt
[2019-04-04 13:43:29] INFO [main: CodeCraft-2019.py, 28] preset_answer_path is 2-map-training-1/presetAnswer.txt
[2019-04-04 13:43:29] INFO [main: CodeCraft-2019.py, 29] answer_path is 2-map-training-1/answer.txt
[2019-04-04 13:44:30] INFO [main: CodeCraft-2019.py, 25] car_path is ../2-map-training-1/car.txt
[2019-04-04 13:44:30] INFO [main: CodeCraft-2019.py, 26] road_path is ../2-map-training-1/road.txt
[2019-04-04 13:44:30] INFO [main: CodeCraft-2019.py, 27] cross_path is ../2-map-training-1/cross.txt
[2019-04-04 13:44:30] INFO [main: CodeCraft-2019.py, 28] preset_answer_path is ../2-map-training-1/presetAnswer.txt
[2019-04-04 13:44:30] INFO [main: CodeCraft-2019.py, 29] answer_path is ../2-map-training-1/answer.txt
[2019-04-04 20:06:18] INFO [main: CodeCraft-2019.py, 25] car_path is ../config-2/car.txt
[2019-04-04 20:06:18] INFO [main: CodeCraft-2019.py, 26] road_path is ../config-2/road.txt
[2019-04-04 20:06:18] INFO [main: CodeCraft-2019.py, 27] cross_path is ../config-2/cross.txt
[2019-04-04 20:06:18] INFO [main: CodeCraft-2019.py, 28] preset_answer_path is ../config-2/presetAnswer.txt
[2019-04-04 20:06:18] INFO [main: CodeCraft-2019.py, 29] answer_path is ../config-2/answer.txt
[2019-04-04 20:23:06] INFO [main: CodeCraft-2019.py, 25] car_path is ../config-2/car.txt
[2019-04-04 20:23:06] INFO [main: CodeCraft-2019.py, 26] road_path is ../config-2/road.txt
[2019-04-04 20:23:06] INFO [main: CodeCraft-2019.py, 27] cross_path is ../config-2/cross.txt
[2019-04-04 20:23:06] INFO [main: CodeCraft-2019.py, 28] preset_answer_path is ../config-2/presetAnswer.txt
[2019-04-04 20:23:06] INFO [main: CodeCraft-2019.py, 29] answer_path is ../config-2/answer.txt
[2019-04-04 20:24:38] INFO [main: CodeCraft-2019.py, 25] car_path is ../config-2/car.txt
[2019-04-04 20:24:38] INFO [main: CodeCraft-2019.py, 26] road_path is ../config-2/road.txt
[2019-04-04 20:24:38] INFO [main: CodeCraft-2019.py, 27] cross_path is ../config-2/cross.txt
[2019-04-04 20:24:38] INFO [main: CodeCraft-2019.py, 28] preset_answer_path is ../config-2/presetAnswer.txt
[2019-04-04 20:24:38] INFO [main: CodeCraft-2019.py, 29] answer_path is ../config-2/answer.txt
[2019-04-04 20:25:47] INFO [main: CodeCraft-2019.py, 25] car_path is ../config-2/car.txt
[2019-04-04 20:25:47] INFO [main: CodeCraft-2019.py, 26] road_path is ../config-2/road.txt
[2019-04-04 20:25:47] INFO [main: CodeCraft-2019.py, 27] cross_path is ../config-2/cross.txt
[2019-04-04 20:25:47] INFO [main: CodeCraft-2019.py, 28] preset_answer_path is ../config-2/presetAnswer.txt
[2019-04-04 20:25:47] INFO [main: CodeCraft-2019.py, 29] answer_path is ../config-2/answer.txt
[2019-04-04 20:26:43] INFO [main: CodeCraft-2019.py, 25] car_path is ../config-2/car.txt
[2019-04-04 20:26:43] INFO [main: CodeCraft-2019.py, 26] road_path is ../config-2/road.txt
[2019-04-04 20:26:43] INFO [main: CodeCraft-2019.py, 27] cross_path is ../config-2/cross.txt
[2019-04-04 20:26:43] INFO [main: CodeCraft-2019.py, 28] preset_answer_path is ../config-2/presetAnswer.txt
[2019-04-04 20:26:43] INFO [main: CodeCraft-2019.py, 29] answer_path is ../config-2/answer.txt
[2019-04-04 20:28:38] INFO [main: CodeCraft-2019.py, 25] car_path is ../config-2/car.txt
[2019-04-04 20:28:38] INFO [main: CodeCraft-2019.py, 26] road_path is ../config-2/road.txt
[2019-04-04 20:28:38] INFO [main: CodeCraft-2019.py, 27] cross_path is ../config-2/cross.txt
[2019-04-04 20:28:38] INFO [main: CodeCraft-2019.py, 28] preset_answer_path is ../config-2/presetAnswer.txt
[2019-04-04 20:28:38] INFO [main: CodeCraft-2019.py, 29] answer_path is ../config-2/answer.txt
[2019-04-04 20:29:32] INFO [main: CodeCraft-2019.py, 25] car_path is ../config-2/car.txt
[2019-04-04 20:29:32] INFO [main: CodeCraft-2019.py, 26] road_path is ../config-2/road.txt
[2019-04-04 20:29:32] INFO [main: CodeCraft-2019.py, 27] cross_path is ../config-2/cross.txt
[2019-04-04 20:29:32] INFO [main: CodeCraft-2019.py, 28] preset_answer_path is ../config-2/presetAnswer.txt
[2019-04-04 20:29:32] INFO [main: CodeCraft-2019.py, 29] answer_path is ../config-2/answer.txt
[2019-04-04 20:46:25] INFO [main: CodeCraft-2019.py, 25] car_path is ../config-2/car.txt
[2019-04-04 20:46:25] INFO [main: CodeCraft-2019.py, 26] road_path is ../config-2/road.txt
[2019-04-04 20:46:25] INFO [main: CodeCraft-2019.py, 27] cross_path is ../config-2/cross.txt
[2019-04-04 20:46:25] INFO [main: CodeCraft-2019.py, 28] preset_answer_path is ../config-2/presetAnswer.txt
[2019-04-04 20:46:25] INFO [main: CodeCraft-2019.py, 29] answer_path is ../config-2/answer.txt
[2019-04-04 21:51:41] INFO [main: CodeCraft-2019.py, 25] car_path is ../config-2/car.txt
[2019-04-04 21:51:41] INFO [main: CodeCraft-2019.py, 26] road_path is ../config-2/road.txt
[2019-04-04 21:51:41] INFO [main: CodeCraft-2019.py, 27] cross_path is ../config-2/cross.txt
[2019-04-04 21:51:41] INFO [main: CodeCraft-2019.py, 28] preset_answer_path is ../config-2/presetAnswer.txt
[2019-04-04 21:51:41] INFO [main: CodeCraft-2019.py, 29] answer_path is ../config-2/answer.txt
[2019-04-04 21:52:57] INFO [main: CodeCraft-2019.py, 25] car_path is ../config-2/car.txt
[2019-04-04 21:52:57] INFO [main: CodeCraft-2019.py, 26] road_path is ../config-2/road.txt
[2019-04-04 21:52:57] INFO [main: CodeCraft-2019.py, 27] cross_path is ../config-2/cross.txt
[2019-04-04 21:52:57] INFO [main: CodeCraft-2019.py, 28] preset_answer_path is ../config-2/presetAnswer.txt
[2019-04-04 21:52:57] INFO [main: CodeCraft-2019.py, 29] answer_path is ../config-2/answer.txt
[2019-04-04 21:53:55] INFO [main: CodeCraft-2019.py, 25] car_path is ../config-2/car.txt
[2019-04-04 21:53:55] INFO [main: CodeCraft-2019.py, 26] road_path is ../config-2/road.txt
[2019-04-04 21:53:55] INFO [main: CodeCraft-2019.py, 27] cross_path is ../config-2/cross.txt
[2019-04-04 21:53:55] INFO [main: CodeCraft-2019.py, 28] preset_answer_path is ../config-2/presetAnswer.txt
[2019-04-04 21:53:55] INFO [main: CodeCraft-2019.py, 29] answer_path is ../config-2/answer.txt
[2019-04-04 22:00:30] INFO [main: CodeCraft-2019.py, 25] car_path is ../config-2/car.txt
[2019-04-04 22:00:30] INFO [main: CodeCraft-2019.py, 26] road_path is ../config-2/road.txt
[2019-04-04 22:00:30] INFO [main: CodeCraft-2019.py, 27] cross_path is ../config-2/cross.txt
[2019-04-04 22:00:30] INFO [main: CodeCraft-2019.py, 28] preset_answer_path is ../config-2/presetAnswer.txt
[2019-04-04 22:00:30] INFO [main: CodeCraft-2019.py, 29] answer_path is ../config-2/answer.txt
[2019-04-04 22:01:26] INFO [main: CodeCraft-2019.py, 25] car_path is ../config-2/car.txt
[2019-04-04 22:01:26] INFO [main: CodeCraft-2019.py, 26] road_path is ../config-2/road.txt
[2019-04-04 22:01:26] INFO [main: CodeCraft-2019.py, 27] cross_path is ../config-2/cross.txt
[2019-04-04 22:01:26] INFO [main: CodeCraft-2019.py, 28] preset_answer_path is ../config-2/presetAnswer.txt
[2019-04-04 22:01:26] INFO [main: CodeCraft-2019.py, 29] answer_path is ../config-2/answer.txt
[2019-04-04 22:02:05] INFO [main: CodeCraft-2019.py, 25] car_path is ../config-2/car.txt
[2019-04-04 22:02:05] INFO [main: CodeCraft-2019.py, 26] road_path is ../config-2/road.txt
[2019-04-04 22:02:05] INFO [main: CodeCraft-2019.py, 27] cross_path is ../config-2/cross.txt
[2019-04-04 22:02:05] INFO [main: CodeCraft-2019.py, 28] preset_answer_path is ../config-2/presetAnswer.txt
[2019-04-04 22:02:05] INFO [main: CodeCraft-2019.py, 29] answer_path is ../config-2/answer.txt
[2019-04-04 22:02:45] INFO [main: CodeCraft-2019.py, 25] car_path is ../config-2/car.txt
[2019-04-04 22:02:45] INFO [main: CodeCraft-2019.py, 26] road_path is ../config-2/road.txt
[2019-04-04 22:02:45] INFO [main: CodeCraft-2019.py, 27] cross_path is ../config-2/cross.txt
[2019-04-04 22:02:45] INFO [main: CodeCraft-2019.py, 28] preset_answer_path is ../config-2/presetAnswer.txt
[2019-04-04 22:02:45] INFO [main: CodeCraft-2019.py, 29] answer_path is ../config-2/answer.txt
[2019-04-04 22:04:39] INFO [main: CodeCraft-2019.py, 25] car_path is ../config-2/car.txt
[2019-04-04 22:04:39] INFO [main: CodeCraft-2019.py, 26] road_path is ../config-2/road.txt
[2019-04-04 22:04:39] INFO [main: CodeCraft-2019.py, 27] cross_path is ../config-2/cross.txt
[2019-04-04 22:04:39] INFO [main: CodeCraft-2019.py, 28] preset_answer_path is ../config-2/presetAnswer.txt
[2019-04-04 22:04:39] INFO [main: CodeCraft-2019.py, 29] answer_path is ../config-2/answer.txt
[2019-04-04 22:05:14] INFO [main: CodeCraft-2019.py, 25] car_path is ../config-2/car.txt
[2019-04-04 22:05:14] INFO [main: CodeCraft-2019.py, 26] road_path is ../config-2/road.txt
[2019-04-04 22:05:14] INFO [main: CodeCraft-2019.py, 27] cross_path is ../config-2/cross.txt
[2019-04-04 22:05:14] INFO [main: CodeCraft-2019.py, 28] preset_answer_path is ../config-2/presetAnswer.txt
[2019-04-04 22:05:14] INFO [main: CodeCraft-2019.py, 29] answer_path is ../config-2/answer.txt
[2019-04-04 22:06:28] INFO [main: CodeCraft-2019.py, 25] car_path is ../config-2/car.txt
[2019-04-04 22:06:28] INFO [main: CodeCraft-2019.py, 26] road_path is ../config-2/road.txt
[2019-04-04 22:06:28] INFO [main: CodeCraft-2019.py, 27] cross_path is ../config-2/cross.txt
[2019-04-04 22:06:28] INFO [main: CodeCraft-2019.py, 28] preset_answer_path is ../config-2/presetAnswer.txt
[2019-04-04 22:06:28] INFO [main: CodeCraft-2019.py, 29] answer_path is ../config-2/answer.txt
[2019-04-04 22:07:42] INFO [main: CodeCraft-2019.py, 25] car_path is ../config-2/car.txt
[2019-04-04 22:07:42] INFO [main: CodeCraft-2019.py, 26] road_path is ../config-2/road.txt
[2019-04-04 22:07:42] INFO [main: CodeCraft-2019.py, 27] cross_path is ../config-2/cross.txt
[2019-04-04 22:07:42] INFO [main: CodeCraft-2019.py, 28] preset_answer_path is ../config-2/presetAnswer.txt
[2019-04-04 22:07:42] INFO [main: CodeCraft-2019.py, 29] answer_path is ../config-2/answer.txt
[2019-04-04 22:29:59] INFO [main: CodeCraft-2019.py, 25] car_path is ../config-2/car.txt
[2019-04-04 22:29:59] INFO [main: CodeCraft-2019.py, 26] road_path is ../config-2/road.txt
[2019-04-04 22:29:59] INFO [main: CodeCraft-2019.py, 27] cross_path is ../config-2/cross.txt
[2019-04-04 22:29:59] INFO [main: CodeCraft-2019.py, 28] preset_answer_path is ../config-2/presetAnswer.txt
[2019-04-04 22:29:59] INFO [main: CodeCraft-2019.py, 29] answer_path is ../config-2/answer.txt
[2019-04-04 22:30:11] INFO [main: CodeCraft-2019.py, 25] car_path is ../config-2/car.txt
[2019-04-04 22:30:11] INFO [main: CodeCraft-2019.py, 26] road_path is ../config-2/road.txt
[2019-04-04 22:30:11] INFO [main: CodeCraft-2019.py, 27] cross_path is ../config-2/cross.txt
[2019-04-04 22:30:11] INFO [main: CodeCraft-2019.py, 28] preset_answer_path is ../config-2/presetAnswer.txt
[2019-04-04 22:30:11] INFO [main: CodeCraft-2019.py, 29] answer_path is ../config-2/answer.txt
[2019-04-04 22:31:09] INFO [main: CodeCraft-2019.py, 25] car_path is ../config-2/car.txt
[2019-04-04 22:31:09] INFO [main: CodeCraft-2019.py, 26] road_path is ../config-2/road.txt
[2019-04-04 22:31:09] INFO [main: CodeCraft-2019.py, 27] cross_path is ../config-2/cross.txt
[2019-04-04 22:31:09] INFO [main: CodeCraft-2019.py, 28] preset_answer_path is ../config-2/presetAnswer.txt
[2019-04-04 22:31:09] INFO [main: CodeCraft-2019.py, 29] answer_path is ../config-2/answer.txt
[2019-04-04 22:36:29] INFO [main: CodeCraft-2019.py, 25] car_path is ../config-2/car.txt
[2019-04-04 22:36:29] INFO [main: CodeCraft-2019.py, 26] road_path is ../config-2/road.txt
[2019-04-04 22:36:29] INFO [main: CodeCraft-2019.py, 27] cross_path is ../config-2/cross.txt
[2019-04-04 22:36:29] INFO [main: CodeCraft-2019.py, 28] preset_answer_path is ../config-2/presetAnswer.txt
[2019-04-04 22:36:29] INFO [main: CodeCraft-2019.py, 29] answer_path is ../config-2/answer.txt
[2019-04-04 22:40:07] INFO [main: CodeCraft-2019.py, 25] car_path is ../config-2/car.txt
[2019-04-04 22:40:07] INFO [main: CodeCraft-2019.py, 26] road_path is ../config-2/road.txt
[2019-04-04 22:40:07] INFO [main: CodeCraft-2019.py, 27] cross_path is ../config-2/cross.txt
[2019-04-04 22:40:07] INFO [main: CodeCraft-2019.py, 28] preset_answer_path is ../config-2/presetAnswer.txt
[2019-04-04 22:40:07] INFO [main: CodeCraft-2019.py, 29] answer_path is ../config-2/answer.txt
[2019-04-04 22:40:36] INFO [main: CodeCraft-2019.py, 25] car_path is ../config-2/car.txt
[2019-04-04 22:40:36] INFO [main: CodeCraft-2019.py, 26] road_path is ../config-2/road.txt
[2019-04-04 22:40:36] INFO [main: CodeCraft-2019.py, 27] cross_path is ../config-2/cross.txt
[2019-04-04 22:40:36] INFO [main: CodeCraft-2019.py, 28] preset_answer_path is ../config-2/presetAnswer.txt
[2019-04-04 22:40:36] INFO [main: CodeCraft-2019.py, 29] answer_path is ../config-2/answer.txt
[2019-04-04 22:41:12] INFO [main: CodeCraft-2019.py, 25] car_path is ../config-2/car.txt
[2019-04-04 22:41:12] INFO [main: CodeCraft-2019.py, 26] road_path is ../config-2/road.txt
[2019-04-04 22:41:12] INFO [main: CodeCraft-2019.py, 27] cross_path is ../config-2/cross.txt
[2019-04-04 22:41:12] INFO [main: CodeCraft-2019.py, 28] preset_answer_path is ../config-2/presetAnswer.txt
[2019-04-04 22:41:12] INFO [main: CodeCraft-2019.py, 29] answer_path is ../config-2/answer.txt
[2019-04-04 22:50:12] INFO [main: CodeCraft-2019.py, 25] car_path is ../config-2/car.txt
[2019-04-04 22:50:12] INFO [main: CodeCraft-2019.py, 26] road_path is ../config-2/road.txt
[2019-04-04 22:50:12] INFO [main: CodeCraft-2019.py, 27] cross_path is ../config-2/cross.txt
[2019-04-04 22:50:12] INFO [main: CodeCraft-2019.py, 28] preset_answer_path is ../config-2/presetAnswer.txt
[2019-04-04 22:50:12] INFO [main: CodeCraft-2019.py, 29] answer_path is ../config-2/answer.txt
[2019-04-04 23:24:56] INFO [main: CodeCraft-2019.py, 25] car_path is ../config-2/car.txt
[2019-04-04 23:24:56] INFO [main: CodeCraft-2019.py, 26] road_path is ../config-2/road.txt
[2019-04-04 23:24:56] INFO [main: CodeCraft-2019.py, 27] cross_path is ../config-2/cross.txt
[2019-04-04 23:24:56] INFO [main: CodeCraft-2019.py, 28] preset_answer_path is ../config-2/presetAnswer.txt
[2019-04-04 23:24:56] INFO [main: CodeCraft-2019.py, 29] answer_path is ../config-2/answer.txt
[2019-04-04 23:36:24] INFO [main: CodeCraft-2019.py, 25] car_path is ../config-2/car.txt
[2019-04-04 23:36:24] INFO [main: CodeCraft-2019.py, 26] road_path is ../config-2/road.txt
[2019-04-04 23:36:24] INFO [main: CodeCraft-2019.py, 27] cross_path is ../config-2/cross.txt
[2019-04-04 23:36:24] INFO [main: CodeCraft-2019.py, 28] preset_answer_path is ../config-2/presetAnswer.txt
[2019-04-04 23:36:24] INFO [main: CodeCraft-2019.py, 29] answer_path is ../config-2/answer.txt
[2019-04-04 23:36:28] INFO [main: CodeCraft-2019.py, 25] car_path is ../config-2/car.txt
[2019-04-04 23:36:28] INFO [main: CodeCraft-2019.py, 26] road_path is ../config-2/road.txt
[2019-04-04 23:36:28] INFO [main: CodeCraft-2019.py, 27] cross_path is ../config-2/cross.txt
[2019-04-04 23:36:28] INFO [main: CodeCraft-2019.py, 28] preset_answer_path is ../config-2/presetAnswer.txt
[2019-04-04 23:36:28] INFO [main: CodeCraft-2019.py, 29] answer_path is ../config-2/answer.txt
[2019-04-04 23:53:18] INFO [main: CodeCraft-2019.py, 25] car_path is ../config-2/car.txt
[2019-04-04 23:53:18] INFO [main: CodeCraft-2019.py, 26] road_path is ../config-2/road.txt
[2019-04-04 23:53:18] INFO [main: CodeCraft-2019.py, 27] cross_path is ../config-2/cross.txt
[2019-04-04 23:53:18] INFO [main: CodeCraft-2019.py, 28] preset_answer_path is ../config-2/presetAnswer.txt
[2019-04-04 23:53:18] INFO [main: CodeCraft-2019.py, 29] answer_path is ../config-2/answer.txt
[2019-04-05 08:48:46] INFO [main: CodeCraft-2019.py, 25] car_path is ../config-2/car.txt
[2019-04-05 08:48:46] INFO [main: CodeCraft-2019.py, 26] road_path is ../config-2/road.txt
[2019-04-05 08:48:46] INFO [main: CodeCraft-2019.py, 27] cross_path is ../config-2/cross.txt
[2019-04-05 08:48:46] INFO [main: CodeCraft-2019.py, 28] preset_answer_path is ../config-2/presetAnswer.txt
[2019-04-05 08:48:46] INFO [main: CodeCraft-2019.py, 29] answer_path is ../config-2/answer.txt
[2019-04-05 08:50:18] INFO [main: CodeCraft-2019.py, 25] car_path is ../config-2/car.txt
[2019-04-05 08:50:18] INFO [main: CodeCraft-2019.py, 26] road_path is ../config-2/road.txt
[2019-04-05 08:50:18] INFO [main: CodeCraft-2019.py, 27] cross_path is ../config-2/cross.txt
[2019-04-05 08:50:18] INFO [main: CodeCraft-2019.py, 28] preset_answer_path is ../config-2/presetAnswer.txt
[2019-04-05 08:50:18] INFO [main: CodeCraft-2019.py, 29] answer_path is ../config-2/answer.txt
[2019-04-05 08:51:11] INFO [main: CodeCraft-2019.py, 25] car_path is ../config-2/car.txt
[2019-04-05 08:51:11] INFO [main: CodeCraft-2019.py, 26] road_path is ../config-2/road.txt
[2019-04-05 08:51:11] INFO [main: CodeCraft-2019.py, 27] cross_path is ../config-2/cross.txt
[2019-04-05 08:51:11] INFO [main: CodeCraft-2019.py, 28] preset_answer_path is ../config-2/presetAnswer.txt
[2019-04-05 08:51:11] INFO [main: CodeCraft-2019.py, 29] answer_path is ../config-2/answer.txt
[2019-04-05 09:38:19] INFO [main: CodeCraft-2019.py, 25] car_path is ../config-2/car.txt
[2019-04-05 09:38:19] INFO [main: CodeCraft-2019.py, 26] road_path is ../config-2/road.txt
[2019-04-05 09:38:19] INFO [main: CodeCraft-2019.py, 27] cross_path is ../config-2/cross.txt
[2019-04-05 09:38:19] INFO [main: CodeCraft-2019.py, 28] preset_answer_path is ../config-2/presetAnswer.txt
[2019-04-05 09:38:19] INFO [main: CodeCraft-2019.py, 29] answer_path is ../config-2/answer.txt
[2019-04-05 09:40:00] INFO [main: CodeCraft-2019.py, 25] car_path is ../config-2/car.txt
[2019-04-05 09:40:00] INFO [main: CodeCraft-2019.py, 26] road_path is ../config-2/road.txt
[2019-04-05 09:40:00] INFO [main: CodeCraft-2019.py, 27] cross_path is ../config-2/cross.txt
[2019-04-05 09:40:00] INFO [main: CodeCraft-2019.py, 28] preset_answer_path is ../config-2/presetAnswer.txt
[2019-04-05 09:40:00] INFO [main: CodeCraft-2019.py, 29] answer_path is ../config-2/answer.txt
[2019-04-05 09:41:00] INFO [main: CodeCraft-2019.py, 25] car_path is ../config-2/car.txt
[2019-04-05 09:41:00] INFO [main: CodeCraft-2019.py, 26] road_path is ../config-2/road.txt
[2019-04-05 09:41:00] INFO [main: CodeCraft-2019.py, 27] cross_path is ../config-2/cross.txt
[2019-04-05 09:41:00] INFO [main: CodeCraft-2019.py, 28] preset_answer_path is ../config-2/presetAnswer.txt
[2019-04-05 09:41:00] INFO [main: CodeCraft-2019.py, 29] answer_path is ../config-2/answer.txt
[2019-04-05 09:50:07] INFO [main: CodeCraft-2019.py, 25] car_path is ../config-2/car.txt
[2019-04-05 09:50:07] INFO [main: CodeCraft-2019.py, 26] road_path is ../config-2/road.txt
[2019-04-05 09:50:07] INFO [main: CodeCraft-2019.py, 27] cross_path is ../config-2/cross.txt
[2019-04-05 09:50:07] INFO [main: CodeCraft-2019.py, 28] preset_answer_path is ../config-2/presetAnswer.txt
[2019-04-05 09:50:07] INFO [main: CodeCraft-2019.py, 29] answer_path is ../config-2/answer.txt
[2019-04-05 10:04:08] INFO [main: CodeCraft-2019.py, 25] car_path is ../config-2/car.txt
[2019-04-05 10:04:08] INFO [main: CodeCraft-2019.py, 26] road_path is ../config-2/road.txt
[2019-04-05 10:04:08] INFO [main: CodeCraft-2019.py, 27] cross_path is ../config-2/cross.txt
[2019-04-05 10:04:08] INFO [main: CodeCraft-2019.py, 28] preset_answer_path is ../config-2/presetAnswer.txt
[2019-04-05 10:04:08] INFO [main: CodeCraft-2019.py, 29] answer_path is ../config-2/answer.txt
[2019-04-05 10:04:43] INFO [main: CodeCraft-2019.py, 25] car_path is ../config-2/car.txt
[2019-04-05 10:04:43] INFO [main: CodeCraft-2019.py, 26] road_path is ../config-2/road.txt
[2019-04-05 10:04:43] INFO [main: CodeCraft-2019.py, 27] cross_path is ../config-2/cross.txt
[2019-04-05 10:04:43] INFO [main: CodeCraft-2019.py, 28] preset_answer_path is ../config-2/presetAnswer.txt
[2019-04-05 10:04:43] INFO [main: CodeCraft-2019.py, 29] answer_path is ../config-2/answer.txt
[2019-04-05 10:15:30] INFO [main: CodeCraft-2019.py, 25] car_path is ../config-2/car.txt
[2019-04-05 10:15:30] INFO [main: CodeCraft-2019.py, 26] road_path is ../config-2/road.txt
[2019-04-05 10:15:30] INFO [main: CodeCraft-2019.py, 27] cross_path is ../config-2/cross.txt
[2019-04-05 10:15:30] INFO [main: CodeCraft-2019.py, 28] preset_answer_path is ../config-2/presetAnswer.txt
[2019-04-05 10:15:30] INFO [main: CodeCraft-2019.py, 29] answer_path is ../config-2/answer.txt
[2019-04-05 10:16:57] INFO [main: CodeCraft-2019.py, 25] car_path is ../config-2/car.txt
[2019-04-05 10:16:57] INFO [main: CodeCraft-2019.py, 26] road_path is ../config-2/road.txt
[2019-04-05 10:16:57] INFO [main: CodeCraft-2019.py, 27] cross_path is ../config-2/cross.txt
[2019-04-05 10:16:57] INFO [main: CodeCraft-2019.py, 28] preset_answer_path is ../config-2/presetAnswer.txt
[2019-04-05 10:16:57] INFO [main: CodeCraft-2019.py, 29] answer_path is ../config-2/answer.txt
[2019-04-05 10:17:32] INFO [main: CodeCraft-2019.py, 25] car_path is ../config-2/car.txt
[2019-04-05 10:17:32] INFO [main: CodeCraft-2019.py, 26] road_path is ../config-2/road.txt
[2019-04-05 10:17:32] INFO [main: CodeCraft-2019.py, 27] cross_path is ../config-2/cross.txt
[2019-04-05 10:17:32] INFO [main: CodeCraft-2019.py, 28] preset_answer_path is ../config-2/presetAnswer.txt
[2019-04-05 10:17:32] INFO [main: CodeCraft-2019.py, 29] answer_path is ../config-2/answer.txt
[2019-04-05 10:24:02] INFO [main: CodeCraft-2019.py, 25] car_path is ../config-2/car.txt
[2019-04-05 10:24:02] INFO [main: CodeCraft-2019.py, 26] road_path is ../config-2/road.txt
[2019-04-05 10:24:02] INFO [main: CodeCraft-2019.py, 27] cross_path is ../config-2/cross.txt
[2019-04-05 10:24:02] INFO [main: CodeCraft-2019.py, 28] preset_answer_path is ../config-2/presetAnswer.txt
[2019-04-05 10:24:02] INFO [main: CodeCraft-2019.py, 29] answer_path is ../config-2/answer.txt
[2019-04-05 10:26:00] INFO [main: CodeCraft-2019.py, 25] car_path is ../config-2/car.txt
[2019-04-05 10:26:00] INFO [main: CodeCraft-2019.py, 26] road_path is ../config-2/road.txt
[2019-04-05 10:26:00] INFO [main: CodeCraft-2019.py, 27] cross_path is ../config-2/cross.txt
[2019-04-05 10:26:00] INFO [main: CodeCraft-2019.py, 28] preset_answer_path is ../config-2/presetAnswer.txt
[2019-04-05 10:26:00] INFO [main: CodeCraft-2019.py, 29] answer_path is ../config-2/answer.txt
[2019-04-05 10:31:33] INFO [main: CodeCraft-2019.py, 25] car_path is ../config-2/car.txt
[2019-04-05 10:31:33] INFO [main: CodeCraft-2019.py, 26] road_path is ../config-2/road.txt
[2019-04-05 10:31:33] INFO [main: CodeCraft-2019.py, 27] cross_path is ../config-2/cross.txt
[2019-04-05 10:31:33] INFO [main: CodeCraft-2019.py, 28] preset_answer_path is ../config-2/presetAnswer.txt
[2019-04-05 10:31:33] INFO [main: CodeCraft-2019.py, 29] answer_path is ../config-2/answer.txt
[2019-04-05 10:33:48] INFO [main: CodeCraft-2019.py, 25] car_path is ../config-2/car.txt
[2019-04-05 10:33:48] INFO [main: CodeCraft-2019.py, 26] road_path is ../config-2/road.txt
[2019-04-05 10:33:48] INFO [main: CodeCraft-2019.py, 27] cross_path is ../config-2/cross.txt
[2019-04-05 10:33:48] INFO [main: CodeCraft-2019.py, 28] preset_answer_path is ../config-2/presetAnswer.txt
[2019-04-05 10:33:48] INFO [main: CodeCraft-2019.py, 29] answer_path is ../config-2/answer.txt
[2019-04-05 10:44:14] INFO [main: CodeCraft-2019.py, 25] car_path is ../config-2/car.txt
[2019-04-05 10:44:14] INFO [main: CodeCraft-2019.py, 26] road_path is ../config-2/road.txt
[2019-04-05 10:44:14] INFO [main: CodeCraft-2019.py, 27] cross_path is ../config-2/cross.txt
[2019-04-05 10:44:14] INFO [main: CodeCraft-2019.py, 28] preset_answer_path is ../config-2/presetAnswer.txt
[2019-04-05 10:44:14] INFO [main: CodeCraft-2019.py, 29] answer_path is ../config-2/answer.txt
[2019-04-05 10:46:43] INFO [main: CodeCraft-2019.py, 25] car_path is ../config-2/car.txt
[2019-04-05 10:46:43] INFO [main: CodeCraft-2019.py, 26] road_path is ../config-2/road.txt
[2019-04-05 10:46:43] INFO [main: CodeCraft-2019.py, 27] cross_path is ../config-2/cross.txt
[2019-04-05 10:46:43] INFO [main: CodeCraft-2019.py, 28] preset_answer_path is ../config-2/presetAnswer.txt
[2019-04-05 10:46:43] INFO [main: CodeCraft-2019.py, 29] answer_path is ../config-2/answer.txt
[2019-04-05 12:20:52] INFO [main: CodeCraft-2019.py, 25] car_path is ../config-2/car.txt
[2019-04-05 12:20:52] INFO [main: CodeCraft-2019.py, 26] road_path is ../config-2/road.txt
[2019-04-05 12:20:52] INFO [main: CodeCraft-2019.py, 27] cross_path is ../config-2/cross.txt
[2019-04-05 12:20:52] INFO [main: CodeCraft-2019.py, 28] preset_answer_path is ../config-2/presetAnswer.txt
[2019-04-05 12:20:52] INFO [main: CodeCraft-2019.py, 29] answer_path is ../config-2/answer.txt
[2019-04-05 12:21:03] INFO [main: CodeCraft-2019.py, 25] car_path is ../config-2/car.txt
[2019-04-05 12:21:03] INFO [main: CodeCraft-2019.py, 26] road_path is ../config-2/road.txt
[2019-04-05 12:21:03] INFO [main: CodeCraft-2019.py, 27] cross_path is ../config-2/cross.txt
[2019-04-05 12:21:03] INFO [main: CodeCraft-2019.py, 28] preset_answer_path is ../config-2/presetAnswer.txt
[2019-04-05 12:21:03] INFO [main: CodeCraft-2019.py, 29] answer_path is ../config-2/answer.txt
[2019-04-05 12:21:31] INFO [main: CodeCraft-2019.py, 25] car_path is ../config-2/car.txt
[2019-04-05 12:21:31] INFO [main: CodeCraft-2019.py, 26] road_path is ../config-2/road.txt
[2019-04-05 12:21:31] INFO [main: CodeCraft-2019.py, 27] cross_path is ../config-2/cross.txt
[2019-04-05 12:21:31] INFO [main: CodeCraft-2019.py, 28] preset_answer_path is ../config-2/presetAnswer.txt
[2019-04-05 12:21:31] INFO [main: CodeCraft-2019.py, 29] answer_path is ../config-2/answer.txt
[2019-04-05 12:21:49] INFO [main: CodeCraft-2019.py, 25] car_path is ../config-2/car.txt
[2019-04-05 12:21:49] INFO [main: CodeCraft-2019.py, 26] road_path is ../config-2/road.txt
[2019-04-05 12:21:49] INFO [main: CodeCraft-2019.py, 27] cross_path is ../config-2/cross.txt
[2019-04-05 12:21:49] INFO [main: CodeCraft-2019.py, 28] preset_answer_path is ../config-2/presetAnswer.txt
[2019-04-05 12:21:49] INFO [main: CodeCraft-2019.py, 29] answer_path is ../config-2/answer.txt
[2019-04-05 12:53:13] INFO [main: CodeCraft-2019.py, 25] car_path is ../config-2/car.txt
[2019-04-05 12:53:13] INFO [main: CodeCraft-2019.py, 26] road_path is ../config-2/road.txt
[2019-04-05 12:53:13] INFO [main: CodeCraft-2019.py, 27] cross_path is ../config-2/cross.txt
[2019-04-05 12:53:13] INFO [main: CodeCraft-2019.py, 28] preset_answer_path is ../config-2/presetAnswer.txt
[2019-04-05 12:53:13] INFO [main: CodeCraft-2019.py, 29] answer_path is ../config-2/answer.txt
[2019-04-05 12:56:19] INFO [main: CodeCraft-2019.py, 25] car_path is ../config-2/car.txt
[2019-04-05 12:56:19] INFO [main: CodeCraft-2019.py, 26] road_path is ../config-2/road.txt
[2019-04-05 12:56:19] INFO [main: CodeCraft-2019.py, 27] cross_path is ../config-2/cross.txt
[2019-04-05 12:56:19] INFO [main: CodeCraft-2019.py, 28] preset_answer_path is ../config-2/presetAnswer.txt
[2019-04-05 12:56:19] INFO [main: CodeCraft-2019.py, 29] answer_path is ../config-2/answer.txt
[2019-04-05 13:00:13] INFO [main: CodeCraft-2019.py, 25] car_path is ../config-2/car.txt
[2019-04-05 13:00:13] INFO [main: CodeCraft-2019.py, 26] road_path is ../config-2/road.txt
[2019-04-05 13:00:13] INFO [main: CodeCraft-2019.py, 27] cross_path is ../config-2/cross.txt
[2019-04-05 13:00:13] INFO [main: CodeCraft-2019.py, 28] preset_answer_path is ../config-2/presetAnswer.txt
[2019-04-05 13:00:13] INFO [main: CodeCraft-2019.py, 29] answer_path is ../config-2/answer.txt
[2019-04-05 13:05:01] INFO [main: CodeCraft-2019.py, 25] car_path is ../config-2/car.txt
[2019-04-05 13:05:01] INFO [main: CodeCraft-2019.py, 26] road_path is ../config-2/road.txt
[2019-04-05 13:05:01] INFO [main: CodeCraft-2019.py, 27] cross_path is ../config-2/cross.txt
[2019-04-05 13:05:01] INFO [main: CodeCraft-2019.py, 28] preset_answer_path is ../config-2/presetAnswer.txt
[2019-04-05 13:05:01] INFO [main: CodeCraft-2019.py, 29] answer_path is ../config-2/answer.txt
[2019-04-05 13:05:50] INFO [main: CodeCraft-2019.py, 25] car_path is ../config-2/car.txt
[2019-04-05 13:05:50] INFO [main: CodeCraft-2019.py, 26] road_path is ../config-2/road.txt
[2019-04-05 13:05:50] INFO [main: CodeCraft-2019.py, 27] cross_path is ../config-2/cross.txt
[2019-04-05 13:05:50] INFO [main: CodeCraft-2019.py, 28] preset_answer_path is ../config-2/presetAnswer.txt
[2019-04-05 13:05:50] INFO [main: CodeCraft-2019.py, 29] answer_path is ../config-2/answer.txt
[2019-04-05 13:14:50] INFO [main: CodeCraft-2019.py, 25] car_path is ../config-2/car.txt
[2019-04-05 13:14:50] INFO [main: CodeCraft-2019.py, 26] road_path is ../config-2/road.txt
[2019-04-05 13:14:50] INFO [main: CodeCraft-2019.py, 27] cross_path is ../config-2/cross.txt
[2019-04-05 13:14:50] INFO [main: CodeCraft-2019.py, 28] preset_answer_path is ../config-2/presetAnswer.txt
[2019-04-05 13:14:50] INFO [main: CodeCraft-2019.py, 29] answer_path is ../config-2/answer.txt
[2019-04-05 13:15:25] INFO [main: CodeCraft-2019.py, 25] car_path is ../config-2/car.txt
[2019-04-05 13:15:25] INFO [main: CodeCraft-2019.py, 26] road_path is ../config-2/road.txt
[2019-04-05 13:15:25] INFO [main: CodeCraft-2019.py, 27] cross_path is ../config-2/cross.txt
[2019-04-05 13:15:25] INFO [main: CodeCraft-2019.py, 28] preset_answer_path is ../config-2/presetAnswer.txt
[2019-04-05 13:15:25] INFO [main: CodeCraft-2019.py, 29] answer_path is ../config-2/answer.txt
[2019-04-05 13:17:36] INFO [main: CodeCraft-2019.py, 25] car_path is ../config-2/car.txt
[2019-04-05 13:17:36] INFO [main: CodeCraft-2019.py, 26] road_path is ../config-2/road.txt
[2019-04-05 13:17:36] INFO [main: CodeCraft-2019.py, 27] cross_path is ../config-2/cross.txt
[2019-04-05 13:17:36] INFO [main: CodeCraft-2019.py, 28] preset_answer_path is ../config-2/presetAnswer.txt
[2019-04-05 13:17:36] INFO [main: CodeCraft-2019.py, 29] answer_path is ../config-2/answer.txt
[2019-04-05 13:18:10] INFO [main: CodeCraft-2019.py, 25] car_path is ../config-2/car.txt
[2019-04-05 13:18:10] INFO [main: CodeCraft-2019.py, 26] road_path is ../config-2/road.txt
[2019-04-05 13:18:10] INFO [main: CodeCraft-2019.py, 27] cross_path is ../config-2/cross.txt
[2019-04-05 13:18:10] INFO [main: CodeCraft-2019.py, 28] preset_answer_path is ../config-2/presetAnswer.txt
[2019-04-05 13:18:10] INFO [main: CodeCraft-2019.py, 29] answer_path is ../config-2/answer.txt
[2019-04-05 13:18:51] INFO [main: CodeCraft-2019.py, 25] car_path is ../config-2/car.txt
[2019-04-05 13:18:51] INFO [main: CodeCraft-2019.py, 26] road_path is ../config-2/road.txt
[2019-04-05 13:18:51] INFO [main: CodeCraft-2019.py, 27] cross_path is ../config-2/cross.txt
[2019-04-05 13:18:51] INFO [main: CodeCraft-2019.py, 28] preset_answer_path is ../config-2/presetAnswer.txt
[2019-04-05 13:18:51] INFO [main: CodeCraft-2019.py, 29] answer_path is ../config-2/answer.txt
[2019-04-05 13:22:31] INFO [main: CodeCraft-2019.py, 25] car_path is ../config-2/car.txt
[2019-04-05 13:22:31] INFO [main: CodeCraft-2019.py, 26] road_path is ../config-2/road.txt
[2019-04-05 13:22:31] INFO [main: CodeCraft-2019.py, 27] cross_path is ../config-2/cross.txt
[2019-04-05 13:22:31] INFO [main: CodeCraft-2019.py, 28] preset_answer_path is ../config-2/presetAnswer.txt
[2019-04-05 13:22:31] INFO [main: CodeCraft-2019.py, 29] answer_path is ../config-2/answer.txt
[2019-04-05 13:25:44] INFO [main: CodeCraft-2019.py, 25] car_path is ../config-2/car.txt
[2019-04-05 13:25:44] INFO [main: CodeCraft-2019.py, 26] road_path is ../config-2/road.txt
[2019-04-05 13:25:44] INFO [main: CodeCraft-2019.py, 27] cross_path is ../config-2/cross.txt
[2019-04-05 13:25:44] INFO [main: CodeCraft-2019.py, 28] preset_answer_path is ../config-2/presetAnswer.txt
[2019-04-05 13:25:44] INFO [main: CodeCraft-2019.py, 29] answer_path is ../config-2/answer.txt
[2019-04-05 13:28:06] INFO [main: CodeCraft-2019.py, 25] car_path is ../config-2/car.txt
[2019-04-05 13:28:06] INFO [main: CodeCraft-2019.py, 26] road_path is ../config-2/road.txt
[2019-04-05 13:28:06] INFO [main: CodeCraft-2019.py, 27] cross_path is ../config-2/cross.txt
[2019-04-05 13:28:06] INFO [main: CodeCraft-2019.py, 28] preset_answer_path is ../config-2/presetAnswer.txt
[2019-04-05 13:28:06] INFO [main: CodeCraft-2019.py, 29] answer_path is ../config-2/answer.txt
[2019-04-05 13:28:49] INFO [main: CodeCraft-2019.py, 25] car_path is ../config-2/car.txt
[2019-04-05 13:28:49] INFO [main: CodeCraft-2019.py, 26] road_path is ../config-2/road.txt
[2019-04-05 13:28:49] INFO [main: CodeCraft-2019.py, 27] cross_path is ../config-2/cross.txt
[2019-04-05 13:28:49] INFO [main: CodeCraft-2019.py, 28] preset_answer_path is ../config-2/presetAnswer.txt
[2019-04-05 13:28:49] INFO [main: CodeCraft-2019.py, 29] answer_path is ../config-2/answer.txt
[2019-04-05 13:35:44] INFO [main: CodeCraft-2019.py, 25] car_path is ../config-2/car.txt
[2019-04-05 13:35:44] INFO [main: CodeCraft-2019.py, 26] road_path is ../config-2/road.txt
[2019-04-05 13:35:44] INFO [main: CodeCraft-2019.py, 27] cross_path is ../config-2/cross.txt
[2019-04-05 13:35:44] INFO [main: CodeCraft-2019.py, 28] preset_answer_path is ../config-2/presetAnswer.txt
[2019-04-05 13:35:44] INFO [main: CodeCraft-2019.py, 29] answer_path is ../config-2/answer.txt
[2019-04-05 13:36:06] INFO [main: CodeCraft-2019.py, 25] car_path is ../config-2/car.txt
[2019-04-05 13:36:06] INFO [main: CodeCraft-2019.py, 26] road_path is ../config-2/road.txt
[2019-04-05 13:36:06] INFO [main: CodeCraft-2019.py, 27] cross_path is ../config-2/cross.txt
[2019-04-05 13:36:06] INFO [main: CodeCraft-2019.py, 28] preset_answer_path is ../config-2/presetAnswer.txt
[2019-04-05 13:36:06] INFO [main: CodeCraft-2019.py, 29] answer_path is ../config-2/answer.txt
[2019-04-05 13:38:41] INFO [main: CodeCraft-2019.py, 25] car_path is ../config-2/car.txt
[2019-04-05 13:38:41] INFO [main: CodeCraft-2019.py, 26] road_path is ../config-2/road.txt
[2019-04-05 13:38:41] INFO [main: CodeCraft-2019.py, 27] cross_path is ../config-2/cross.txt
[2019-04-05 13:38:41] INFO [main: CodeCraft-2019.py, 28] preset_answer_path is ../config-2/presetAnswer.txt
[2019-04-05 13:38:41] INFO [main: CodeCraft-2019.py, 29] answer_path is ../config-2/answer.txt
[2019-04-05 13:39:36] INFO [main: CodeCraft-2019.py, 25] car_path is ../config-2/car.txt
[2019-04-05 13:39:36] INFO [main: CodeCraft-2019.py, 26] road_path is ../config-2/road.txt
[2019-04-05 13:39:36] INFO [main: CodeCraft-2019.py, 27] cross_path is ../config-2/cross.txt
[2019-04-05 13:39:36] INFO [main: CodeCraft-2019.py, 28] preset_answer_path is ../config-2/presetAnswer.txt
[2019-04-05 13:39:36] INFO [main: CodeCraft-2019.py, 29] answer_path is ../config-2/answer.txt
[2019-04-05 13:45:00] INFO [main: CodeCraft-2019.py, 25] car_path is ../config-2/car.txt
[2019-04-05 13:45:00] INFO [main: CodeCraft-2019.py, 26] road_path is ../config-2/road.txt
[2019-04-05 13:45:00] INFO [main: CodeCraft-2019.py, 27] cross_path is ../config-2/cross.txt
[2019-04-05 13:45:00] INFO [main: CodeCraft-2019.py, 28] preset_answer_path is ../config-2/presetAnswer.txt
[2019-04-05 13:45:00] INFO [main: CodeCraft-2019.py, 29] answer_path is ../config-2/answer.txt
[2019-04-05 13:45:28] INFO [main: CodeCraft-2019.py, 25] car_path is ../config-2/car.txt
[2019-04-05 13:45:28] INFO [main: CodeCraft-2019.py, 26] road_path is ../config-2/road.txt
[2019-04-05 13:45:28] INFO [main: CodeCraft-2019.py, 27] cross_path is ../config-2/cross.txt
[2019-04-05 13:45:28] INFO [main: CodeCraft-2019.py, 28] preset_answer_path is ../config-2/presetAnswer.txt
[2019-04-05 13:45:28] INFO [main: CodeCraft-2019.py, 29] answer_path is ../config-2/answer.txt
[2019-04-05 13:47:46] INFO [main: CodeCraft-2019.py, 25] car_path is ../config-2/car.txt
[2019-04-05 13:47:46] INFO [main: CodeCraft-2019.py, 26] road_path is ../config-2/road.txt
[2019-04-05 13:47:46] INFO [main: CodeCraft-2019.py, 27] cross_path is ../config-2/cross.txt
[2019-04-05 13:47:46] INFO [main: CodeCraft-2019.py, 28] preset_answer_path is ../config-2/presetAnswer.txt
[2019-04-05 13:47:46] INFO [main: CodeCraft-2019.py, 29] answer_path is ../config-2/answer.txt
[2019-04-05 13:48:19] INFO [main: CodeCraft-2019.py, 25] car_path is ../config-2/car.txt
[2019-04-05 13:48:19] INFO [main: CodeCraft-2019.py, 26] road_path is ../config-2/road.txt
[2019-04-05 13:48:19] INFO [main: CodeCraft-2019.py, 27] cross_path is ../config-2/cross.txt
[2019-04-05 13:48:19] INFO [main: CodeCraft-2019.py, 28] preset_answer_path is ../config-2/presetAnswer.txt
[2019-04-05 13:48:19] INFO [main: CodeCraft-2019.py, 29] answer_path is ../config-2/answer.txt
[2019-04-05 13:54:50] INFO [main: CodeCraft-2019.py, 25] car_path is ../config-2/car.txt
[2019-04-05 13:54:50] INFO [main: CodeCraft-2019.py, 26] road_path is ../config-2/road.txt
[2019-04-05 13:54:50] INFO [main: CodeCraft-2019.py, 27] cross_path is ../config-2/cross.txt
[2019-04-05 13:54:50] INFO [main: CodeCraft-2019.py, 28] preset_answer_path is ../config-2/presetAnswer.txt
[2019-04-05 13:54:50] INFO [main: CodeCraft-2019.py, 29] answer_path is ../config-2/answer.txt
[2019-04-05 14:02:19] INFO [main: CodeCraft-2019.py, 25] car_path is ../config-2/car.txt
[2019-04-05 14:02:19] INFO [main: CodeCraft-2019.py, 26] road_path is ../config-2/road.txt
[2019-04-05 14:02:19] INFO [main: CodeCraft-2019.py, 27] cross_path is ../config-2/cross.txt
[2019-04-05 14:02:19] INFO [main: CodeCraft-2019.py, 28] preset_answer_path is ../config-2/presetAnswer.txt
[2019-04-05 14:02:19] INFO [main: CodeCraft-2019.py, 29] answer_path is ../config-2/answer.txt
[2019-04-05 14:13:53] INFO [main: CodeCraft-2019.py, 25] car_path is ../config-2/car.txt
[2019-04-05 14:13:53] INFO [main: CodeCraft-2019.py, 26] road_path is ../config-2/road.txt
[2019-04-05 14:13:53] INFO [main: CodeCraft-2019.py, 27] cross_path is ../config-2/cross.txt
[2019-04-05 14:13:53] INFO [main: CodeCraft-2019.py, 28] preset_answer_path is ../config-2/presetAnswer.txt
[2019-04-05 14:13:53] INFO [main: CodeCraft-2019.py, 29] answer_path is ../config-2/answer.txt
[2019-04-05 14:44:18] INFO [main: CodeCraft-2019.py, 25] car_path is ../config-2/car.txt
[2019-04-05 14:44:18] INFO [main: CodeCraft-2019.py, 26] road_path is ../config-2/road.txt
[2019-04-05 14:44:18] INFO [main: CodeCraft-2019.py, 27] cross_path is ../config-2/cross.txt
[2019-04-05 14:44:18] INFO [main: CodeCraft-2019.py, 28] preset_answer_path is ../config-2/presetAnswer.txt
[2019-04-05 14:44:18] INFO [main: CodeCraft-2019.py, 29] answer_path is ../config-2/answer.txt
[2019-04-05 14:45:52] INFO [main: CodeCraft-2019.py, 25] car_path is ../config-2/car.txt
[2019-04-05 14:45:52] INFO [main: CodeCraft-2019.py, 26] road_path is ../config-2/road.txt
[2019-04-05 14:45:52] INFO [main: CodeCraft-2019.py, 27] cross_path is ../config-2/cross.txt
[2019-04-05 14:45:52] INFO [main: CodeCraft-2019.py, 28] preset_answer_path is ../config-2/presetAnswer.txt
[2019-04-05 14:45:52] INFO [main: CodeCraft-2019.py, 29] answer_path is ../config-2/answer.txt
[2019-04-05 14:46:14] INFO [main: CodeCraft-2019.py, 25] car_path is ../config-2/car.txt
[2019-04-05 14:46:14] INFO [main: CodeCraft-2019.py, 26] road_path is ../config-2/road.txt
[2019-04-05 14:46:14] INFO [main: CodeCraft-2019.py, 27] cross_path is ../config-2/cross.txt
[2019-04-05 14:46:14] INFO [main: CodeCraft-2019.py, 28] preset_answer_path is ../config-2/presetAnswer.txt
[2019-04-05 14:46:14] INFO [main: CodeCraft-2019.py, 29] answer_path is ../config-2/answer.txt
[2019-04-05 14:47:22] INFO [main: CodeCraft-2019.py, 25] car_path is ../config-2/car.txt
[2019-04-05 14:47:22] INFO [main: CodeCraft-2019.py, 26] road_path is ../config-2/road.txt
[2019-04-05 14:47:22] INFO [main: CodeCraft-2019.py, 27] cross_path is ../config-2/cross.txt
[2019-04-05 14:47:22] INFO [main: CodeCraft-2019.py, 28] preset_answer_path is ../config-2/presetAnswer.txt
[2019-04-05 14:47:22] INFO [main: CodeCraft-2019.py, 29] answer_path is ../config-2/answer.txt
[2019-04-05 14:48:15] INFO [main: CodeCraft-2019.py, 25] car_path is ../config-3/car.txt
[2019-04-05 14:48:15] INFO [main: CodeCraft-2019.py, 26] road_path is ../config-3/road.txt
[2019-04-05 14:48:15] INFO [main: CodeCraft-2019.py, 27] cross_path is ../config-3/cross.txt
[2019-04-05 14:48:15] INFO [main: CodeCraft-2019.py, 28] preset_answer_path is ../config-3/presetAnswer.txt
[2019-04-05 14:48:15] INFO [main: CodeCraft-2019.py, 29] answer_path is ../config-3/answer.txt
[2019-04-05 14:49:15] INFO [main: CodeCraft-2019.py, 25] car_path is ../config-3/car.txt
[2019-04-05 14:49:15] INFO [main: CodeCraft-2019.py, 26] road_path is ../config-3/road.txt
[2019-04-05 14:49:15] INFO [main: CodeCraft-2019.py, 27] cross_path is ../config-3/cross.txt
[2019-04-05 14:49:15] INFO [main: CodeCraft-2019.py, 28] preset_answer_path is ../config-3/presetAnswer.txt
[2019-04-05 14:49:15] INFO [main: CodeCraft-2019.py, 29] answer_path is ../config-3/answer.txt
[2019-04-05 14:51:33] INFO [main: CodeCraft-2019.py, 25] car_path is ../2-map-training-1/car.txt
[2019-04-05 14:51:33] INFO [main: CodeCraft-2019.py, 26] road_path is ../2-map-training-1/road.txt
[2019-04-05 14:51:33] INFO [main: CodeCraft-2019.py, 27] cross_path is ../2-map-training-1/cross.txt
[2019-04-05 14:51:33] INFO [main: CodeCraft-2019.py, 28] preset_answer_path is ../2-map-training-1/presetAnswer.txt
[2019-04-05 14:51:33] INFO [main: CodeCraft-2019.py, 29] answer_path is ../2-map-training-1/answer.txt
[2019-04-05 14:55:23] INFO [main: CodeCraft-2019.py, 25] car_path is ../2-map-training-1/car.txt
[2019-04-05 14:55:23] INFO [main: CodeCraft-2019.py, 26] road_path is ../2-map-training-1/road.txt
[2019-04-05 14:55:23] INFO [main: CodeCraft-2019.py, 27] cross_path is ../2-map-training-1/cross.txt
[2019-04-05 14:55:23] INFO [main: CodeCraft-2019.py, 28] preset_answer_path is ../2-map-training-1/presetAnswer.txt
[2019-04-05 14:55:23] INFO [main: CodeCraft-2019.py, 29] answer_path is ../2-map-training-1/answer.txt
[2019-04-05 14:55:39] INFO [main: CodeCraft-2019.py, 25] car_path is ../2-map-training-1/car.txt
[2019-04-05 14:55:39] INFO [main: CodeCraft-2019.py, 26] road_path is ../2-map-training-1/road.txt
[2019-04-05 14:55:39] INFO [main: CodeCraft-2019.py, 27] cross_path is ../2-map-training-1/cross.txt
[2019-04-05 14:55:39] INFO [main: CodeCraft-2019.py, 28] preset_answer_path is ../2-map-training-1/presetAnswer.txt
[2019-04-05 14:55:39] INFO [main: CodeCraft-2019.py, 29] answer_path is ../2-map-training-1/answer.txt
[2019-04-05 15:22:29] INFO [main: CodeCraft-2019.py, 25] car_path is ../2-map-training-2/car.txt
[2019-04-05 15:22:29] INFO [main: CodeCraft-2019.py, 26] road_path is ../2-map-training-2/road.txt
[2019-04-05 15:22:29] INFO [main: CodeCraft-2019.py, 27] cross_path is ../2-map-training-2/cross.txt
[2019-04-05 15:22:29] INFO [main: CodeCraft-2019.py, 28] preset_answer_path is ../2-map-training-2/presetAnswer.txt
[2019-04-05 15:22:29] INFO [main: CodeCraft-2019.py, 29] answer_path is ../2-map-training-2/answer.txt
[2019-04-05 20:45:14] INFO [main: CodeCraft-2019.py, 25] car_path is ../2-map-training-2/car.txt
[2019-04-05 20:45:14] INFO [main: CodeCraft-2019.py, 26] road_path is ../2-map-training-2/road.txt
[2019-04-05 20:45:14] INFO [main: CodeCraft-2019.py, 27] cross_path is ../2-map-training-2/cross.txt
[2019-04-05 20:45:14] INFO [main: CodeCraft-2019.py, 28] preset_answer_path is ../2-map-training-2/presetAnswer.txt
[2019-04-05 20:45:14] INFO [main: CodeCraft-2019.py, 29] answer_path is ../2-map-training-2/answer.txt
[2019-04-05 20:51:57] INFO [main: CodeCraft-2019.py, 25] car_path is ../2-map-training-2/car.txt
[2019-04-05 20:51:57] INFO [main: CodeCraft-2019.py, 26] road_path is ../2-map-training-2/road.txt
[2019-04-05 20:51:57] INFO [main: CodeCraft-2019.py, 27] cross_path is ../2-map-training-2/cross.txt
[2019-04-05 20:51:57] INFO [main: CodeCraft-2019.py, 28] preset_answer_path is ../2-map-training-2/presetAnswer.txt
[2019-04-05 20:51:57] INFO [main: CodeCraft-2019.py, 29] answer_path is ../2-map-training-2/answer.txt
[2019-04-05 20:52:36] INFO [main: CodeCraft-2019.py, 25] car_path is ../2-map-training-2/car.txt
[2019-04-05 20:52:36] INFO [main: CodeCraft-2019.py, 26] road_path is ../2-map-training-2/road.txt
[2019-04-05 20:52:36] INFO [main: CodeCraft-2019.py, 27] cross_path is ../2-map-training-2/cross.txt
[2019-04-05 20:52:36] INFO [main: CodeCraft-2019.py, 28] preset_answer_path is ../2-map-training-2/presetAnswer.txt
[2019-04-05 20:52:36] INFO [main: CodeCraft-2019.py, 29] answer_path is ../2-map-training-2/answer.txt
[2019-04-05 20:52:51] INFO [main: CodeCraft-2019.py, 25] car_path is ../2-map-training-2/car.txt
[2019-04-05 20:52:51] INFO [main: CodeCraft-2019.py, 26] road_path is ../2-map-training-2/road.txt
[2019-04-05 20:52:51] INFO [main: CodeCraft-2019.py, 27] cross_path is ../2-map-training-2/cross.txt
[2019-04-05 20:52:51] INFO [main: CodeCraft-2019.py, 28] preset_answer_path is ../2-map-training-2/presetAnswer.txt
[2019-04-05 20:52:51] INFO [main: CodeCraft-2019.py, 29] answer_path is ../2-map-training-2/answer.txt
[2019-04-05 20:53:17] INFO [main: CodeCraft-2019.py, 25] car_path is ../2-map-training-2/car.txt
[2019-04-05 20:53:17] INFO [main: CodeCraft-2019.py, 26] road_path is ../2-map-training-2/road.txt
[2019-04-05 20:53:17] INFO [main: CodeCraft-2019.py, 27] cross_path is ../2-map-training-2/cross.txt
[2019-04-05 20:53:17] INFO [main: CodeCraft-2019.py, 28] preset_answer_path is ../2-map-training-2/presetAnswer.txt
[2019-04-05 20:53:17] INFO [main: CodeCraft-2019.py, 29] answer_path is ../2-map-training-2/answer.txt
[2019-04-05 20:58:34] INFO [main: CodeCraft-2019.py, 25] car_path is ../2-map-training-2/car.txt
[2019-04-05 20:58:34] INFO [main: CodeCraft-2019.py, 26] road_path is ../2-map-training-2/road.txt
[2019-04-05 20:58:34] INFO [main: CodeCraft-2019.py, 27] cross_path is ../2-map-training-2/cross.txt
[2019-04-05 20:58:34] INFO [main: CodeCraft-2019.py, 28] preset_answer_path is ../2-map-training-2/presetAnswer.txt
[2019-04-05 20:58:34] INFO [main: CodeCraft-2019.py, 29] answer_path is ../2-map-training-2/answer.txt
[2019-04-05 21:02:09] INFO [main: CodeCraft-2019.py, 25] car_path is ../config-2/car.txt
[2019-04-05 21:02:09] INFO [main: CodeCraft-2019.py, 26] road_path is ../config-2/road.txt
[2019-04-05 21:02:09] INFO [main: CodeCraft-2019.py, 27] cross_path is ../config-2/cross.txt
[2019-04-05 21:02:09] INFO [main: CodeCraft-2019.py, 28] preset_answer_path is ../config-2/presetAnswer.txt
[2019-04-05 21:02:09] INFO [main: CodeCraft-2019.py, 29] answer_path is ../config-2/answer.txt
[2019-04-05 21:09:09] INFO [main: CodeCraft-2019.py, 25] car_path is ../2-map-training-1/car.txt
[2019-04-05 21:09:09] INFO [main: CodeCraft-2019.py, 26] road_path is ../2-map-training-1/road.txt
[2019-04-05 21:09:09] INFO [main: CodeCraft-2019.py, 27] cross_path is ../2-map-training-1/cross.txt
[2019-04-05 21:09:09] INFO [main: CodeCraft-2019.py, 28] preset_answer_path is ../2-map-training-1/presetAnswer.txt
[2019-04-05 21:09:09] INFO [main: CodeCraft-2019.py, 29] answer_path is ../2-map-training-1/answer.txt
[2019-04-05 21:10:23] INFO [main: CodeCraft-2019.py, 25] car_path is ../2-map-training-1/car.txt
[2019-04-05 21:10:23] INFO [main: CodeCraft-2019.py, 26] road_path is ../2-map-training-1/road.txt
[2019-04-05 21:10:23] INFO [main: CodeCraft-2019.py, 27] cross_path is ../2-map-training-1/cross.txt
[2019-04-05 21:10:23] INFO [main: CodeCraft-2019.py, 28] preset_answer_path is ../2-map-training-1/presetAnswer.txt
[2019-04-05 21:10:23] INFO [main: CodeCraft-2019.py, 29] answer_path is ../2-map-training-1/answer.txt
[2019-04-05 21:11:37] INFO [main: CodeCraft-2019.py, 25] car_path is ../2-map-training-1/car.txt
[2019-04-05 21:11:37] INFO [main: CodeCraft-2019.py, 26] road_path is ../2-map-training-1/road.txt
[2019-04-05 21:11:37] INFO [main: CodeCraft-2019.py, 27] cross_path is ../2-map-training-1/cross.txt
[2019-04-05 21:11:37] INFO [main: CodeCraft-2019.py, 28] preset_answer_path is ../2-map-training-1/presetAnswer.txt
[2019-04-05 21:11:37] INFO [main: CodeCraft-2019.py, 29] answer_path is ../2-map-training-1/answer.txt
[2019-04-05 21:11:37] INFO [main: CodeCraft-2019.py, 25] car_path is ../2-map-training-1/car.txt
[2019-04-05 21:11:37] INFO [main: CodeCraft-2019.py, 26] road_path is ../2-map-training-1/road.txt
[2019-04-05 21:11:37] INFO [main: CodeCraft-2019.py, 27] cross_path is ../2-map-training-1/cross.txt
[2019-04-05 21:11:37] INFO [main: CodeCraft-2019.py, 28] preset_answer_path is ../2-map-training-1/presetAnswer.txt
[2019-04-05 21:11:37] INFO [main: CodeCraft-2019.py, 29] answer_path is ../2-map-training-1/answer.txt
[2019-04-05 22:04:53] INFO [main: CodeCraft-2019.py, 25] car_path is ../2-map-training-1/car.txt
[2019-04-05 22:04:53] INFO [main: CodeCraft-2019.py, 26] road_path is ../2-map-training-1/road.txt
[2019-04-05 22:04:53] INFO [main: CodeCraft-2019.py, 27] cross_path is ../2-map-training-1/cross.txt
[2019-04-05 22:04:53] INFO [main: CodeCraft-2019.py, 28] preset_answer_path is ../2-map-training-1/presetAnswer.txt
[2019-04-05 22:04:53] INFO [main: CodeCraft-2019.py, 29] answer_path is ../2-map-training-1/answer.txt
[2019-04-05 22:08:18] INFO [main: CodeCraft-2019.py, 25] car_path is ../2-map-training-1/car.txt
[2019-04-05 22:08:18] INFO [main: CodeCraft-2019.py, 26] road_path is ../2-map-training-1/road.txt
[2019-04-05 22:08:18] INFO [main: CodeCraft-2019.py, 27] cross_path is ../2-map-training-1/cross.txt
[2019-04-05 22:08:18] INFO [main: CodeCraft-2019.py, 28] preset_answer_path is ../2-map-training-1/presetAnswer.txt
[2019-04-05 22:08:18] INFO [main: CodeCraft-2019.py, 29] answer_path is ../2-map-training-1/answer.txt
[2019-04-05 22:21:10] INFO [main: CodeCraft-2019.py, 25] car_path is ../2-map-training-1/car.txt
[2019-04-05 22:21:10] INFO [main: CodeCraft-2019.py, 26] road_path is ../2-map-training-1/road.txt
[2019-04-05 22:21:10] INFO [main: CodeCraft-2019.py, 27] cross_path is ../2-map-training-1/cross.txt
[2019-04-05 22:21:10] INFO [main: CodeCraft-2019.py, 28] preset_answer_path is ../2-map-training-1/presetAnswer.txt
[2019-04-05 22:21:10] INFO [main: CodeCraft-2019.py, 29] answer_path is ../2-map-training-1/answer.txt
[2019-04-05 22:23:44] INFO [main: CodeCraft-2019.py, 25] car_path is ../2-map-training-1/car.txt
[2019-04-05 22:23:44] INFO [main: CodeCraft-2019.py, 26] road_path is ../2-map-training-1/road.txt
[2019-04-05 22:23:44] INFO [main: CodeCraft-2019.py, 27] cross_path is ../2-map-training-1/cross.txt
[2019-04-05 22:23:44] INFO [main: CodeCraft-2019.py, 28] preset_answer_path is ../2-map-training-1/presetAnswer.txt
[2019-04-05 22:23:44] INFO [main: CodeCraft-2019.py, 29] answer_path is ../2-map-training-1/answer.txt
[2019-04-05 22:30:48] INFO [main: CodeCraft-2019.py, 25] car_path is ../2-map-training-1/car.txt
[2019-04-05 22:30:48] INFO [main: CodeCraft-2019.py, 26] road_path is ../2-map-training-1/road.txt
[2019-04-05 22:30:48] INFO [main: CodeCraft-2019.py, 27] cross_path is ../2-map-training-1/cross.txt
[2019-04-05 22:30:48] INFO [main: CodeCraft-2019.py, 28] preset_answer_path is ../2-map-training-1/presetAnswer.txt
[2019-04-05 22:30:48] INFO [main: CodeCraft-2019.py, 29] answer_path is ../2-map-training-1/answer.txt
[2019-04-05 22:34:21] INFO [main: CodeCraft-2019.py, 25] car_path is ../2-map-training-1/car.txt
[2019-04-05 22:34:21] INFO [main: CodeCraft-2019.py, 26] road_path is ../2-map-training-1/road.txt
[2019-04-05 22:34:21] INFO [main: CodeCraft-2019.py, 27] cross_path is ../2-map-training-1/cross.txt
[2019-04-05 22:34:21] INFO [main: CodeCraft-2019.py, 28] preset_answer_path is ../2-map-training-1/presetAnswer.txt
[2019-04-05 22:34:21] INFO [main: CodeCraft-2019.py, 29] answer_path is ../2-map-training-1/answer.txt
[2019-04-05 22:50:12] INFO [main: CodeCraft-2019.py, 25] car_path is ../2-map-training-1/car.txt
[2019-04-05 22:50:12] INFO [main: CodeCraft-2019.py, 26] road_path is ../2-map-training-1/road.txt
[2019-04-05 22:50:12] INFO [main: CodeCraft-2019.py, 27] cross_path is ../2-map-training-1/cross.txt
[2019-04-05 22:50:12] INFO [main: CodeCraft-2019.py, 28] preset_answer_path is ../2-map-training-1/presetAnswer.txt
[2019-04-05 22:50:12] INFO [main: CodeCraft-2019.py, 29] answer_path is ../2-map-training-1/answer.txt
[2019-04-05 23:02:48] INFO [main: CodeCraft-2019.py, 25] car_path is ../2-map-training-1/car.txt
[2019-04-05 23:02:48] INFO [main: CodeCraft-2019.py, 26] road_path is ../2-map-training-1/road.txt
[2019-04-05 23:02:48] INFO [main: CodeCraft-2019.py, 27] cross_path is ../2-map-training-1/cross.txt
[2019-04-05 23:02:48] INFO [main: CodeCraft-2019.py, 28] preset_answer_path is ../2-map-training-1/presetAnswer.txt
[2019-04-05 23:02:48] INFO [main: CodeCraft-2019.py, 29] answer_path is ../2-map-training-1/answer.txt
[2019-04-05 23:08:59] INFO [main: CodeCraft-2019.py, 25] car_path is ../2-map-training-1/car.txt
[2019-04-05 23:08:59] INFO [main: CodeCraft-2019.py, 26] road_path is ../2-map-training-1/road.txt
[2019-04-05 23:09:00] INFO [main: CodeCraft-2019.py, 27] cross_path is ../2-map-training-1/cross.txt
[2019-04-05 23:09:00] INFO [main: CodeCraft-2019.py, 28] preset_answer_path is ../2-map-training-1/presetAnswer.txt
[2019-04-05 23:09:00] INFO [main: CodeCraft-2019.py, 29] answer_path is ../2-map-training-1/answer.txt
[2019-04-05 23:11:53] INFO [main: CodeCraft-2019.py, 25] car_path is ../2-map-training-1/car.txt
[2019-04-05 23:11:53] INFO [main: CodeCraft-2019.py, 26] road_path is ../2-map-training-1/road.txt
[2019-04-05 23:11:53] INFO [main: CodeCraft-2019.py, 27] cross_path is ../2-map-training-1/cross.txt
[2019-04-05 23:11:53] INFO [main: CodeCraft-2019.py, 28] preset_answer_path is ../2-map-training-1/presetAnswer.txt
[2019-04-05 23:11:53] INFO [main: CodeCraft-2019.py, 29] answer_path is ../2-map-training-1/answer.txt
[2019-04-05 23:21:27] INFO [main: CodeCraft-2019.py, 25] car_path is ../2-map-training-1/car.txt
[2019-04-05 23:21:27] INFO [main: CodeCraft-2019.py, 26] road_path is ../2-map-training-1/road.txt
[2019-04-05 23:21:27] INFO [main: CodeCraft-2019.py, 27] cross_path is ../2-map-training-1/cross.txt
[2019-04-05 23:21:27] INFO [main: CodeCraft-2019.py, 28] preset_answer_path is ../2-map-training-1/presetAnswer.txt
[2019-04-05 23:21:27] INFO [main: CodeCraft-2019.py, 29] answer_path is ../2-map-training-1/answer.txt
[2019-04-05 23:21:38] INFO [main: CodeCraft-2019.py, 25] car_path is ../2-map-training-1/car.txt
[2019-04-05 23:21:38] INFO [main: CodeCraft-2019.py, 26] road_path is ../2-map-training-1/road.txt
[2019-04-05 23:21:38] INFO [main: CodeCraft-2019.py, 27] cross_path is ../2-map-training-1/cross.txt
[2019-04-05 23:21:38] INFO [main: CodeCraft-2019.py, 28] preset_answer_path is ../2-map-training-1/presetAnswer.txt
[2019-04-05 23:21:38] INFO [main: CodeCraft-2019.py, 29] answer_path is ../2-map-training-1/answer.txt
[2019-04-05 23:30:49] INFO [main: CodeCraft-2019.py, 25] car_path is ../2-map-training-1/car.txt
[2019-04-05 23:30:49] INFO [main: CodeCraft-2019.py, 26] road_path is ../2-map-training-1/road.txt
[2019-04-05 23:30:49] INFO [main: CodeCraft-2019.py, 27] cross_path is ../2-map-training-1/cross.txt
[2019-04-05 23:30:49] INFO [main: CodeCraft-2019.py, 28] preset_answer_path is ../2-map-training-1/presetAnswer.txt
[2019-04-05 23:30:49] INFO [main: CodeCraft-2019.py, 29] answer_path is ../2-map-training-1/answer.txt
[2019-04-05 23:34:00] INFO [main: CodeCraft-2019.py, 25] car_path is ../2-map-training-1/car.txt
[2019-04-05 23:34:00] INFO [main: CodeCraft-2019.py, 26] road_path is ../2-map-training-1/road.txt
[2019-04-05 23:34:00] INFO [main: CodeCraft-2019.py, 27] cross_path is ../2-map-training-1/cross.txt
[2019-04-05 23:34:00] INFO [main: CodeCraft-2019.py, 28] preset_answer_path is ../2-map-training-1/presetAnswer.txt
[2019-04-05 23:34:00] INFO [main: CodeCraft-2019.py, 29] answer_path is ../2-map-training-1/answer.txt
[2019-04-05 23:37:07] INFO [main: CodeCraft-2019.py, 25] car_path is ../2-map-training-1/car.txt
[2019-04-05 23:37:07] INFO [main: CodeCraft-2019.py, 26] road_path is ../2-map-training-1/road.txt
[2019-04-05 23:37:07] INFO [main: CodeCraft-2019.py, 27] cross_path is ../2-map-training-1/cross.txt
[2019-04-05 23:37:07] INFO [main: CodeCraft-2019.py, 28] preset_answer_path is ../2-map-training-1/presetAnswer.txt
[2019-04-05 23:37:07] INFO [main: CodeCraft-2019.py, 29] answer_path is ../2-map-training-1/answer.txt
[2019-04-05 23:39:50] INFO [main: CodeCraft-2019.py, 25] car_path is ../2-map-training-1/car.txt
[2019-04-05 23:39:50] INFO [main: CodeCraft-2019.py, 26] road_path is ../2-map-training-1/road.txt
[2019-04-05 23:39:50] INFO [main: CodeCraft-2019.py, 27] cross_path is ../2-map-training-1/cross.txt
[2019-04-05 23:39:50] INFO [main: CodeCraft-2019.py, 28] preset_answer_path is ../2-map-training-1/presetAnswer.txt
[2019-04-05 23:39:50] INFO [main: CodeCraft-2019.py, 29] answer_path is ../2-map-training-1/answer.txt
[2019-04-05 23:53:15] INFO [main: CodeCraft-2019.py, 25] car_path is config/car.txt
[2019-04-05 23:53:15] INFO [main: CodeCraft-2019.py, 26] road_path is config/road.txt
[2019-04-05 23:53:15] INFO [main: CodeCraft-2019.py, 27] cross_path is config/cross.txt
[2019-04-05 23:53:15] INFO [main: CodeCraft-2019.py, 28] preset_answer_path is config/presetAnswer.txt
[2019-04-05 23:53:15] INFO [main: CodeCraft-2019.py, 29] answer_path is config/answer.txt
[2019-04-05 23:56:08] INFO [main: CodeCraft-2019.py, 25] car_path is config/car.txt
[2019-04-05 23:56:08] INFO [main: CodeCraft-2019.py, 26] road_path is config/road.txt
[2019-04-05 23:56:08] INFO [main: CodeCraft-2019.py, 27] cross_path is config/cross.txt
[2019-04-05 23:56:08] INFO [main: CodeCraft-2019.py, 28] preset_answer_path is config/presetAnswer.txt
[2019-04-05 23:56:08] INFO [main: CodeCraft-2019.py, 29] answer_path is config/answer.txt
